\BOOKMARK [-1][-]{part.1}{I Group Theory}{}% 1
\BOOKMARK [0][-]{chapter.1}{\247Basic Definitions and Examples: Groups}{part.1}% 2
\BOOKMARK [1][-]{section.1.1}{Initial Definitions}{chapter.1}% 3
\BOOKMARK [1][-]{section.1.2}{The Group of Symmetries}{chapter.1}% 4
\BOOKMARK [2][-]{subsection.1.2.1}{Notation: Cycles}{section.1.2}% 5
\BOOKMARK [1][-]{section.1.3}{General Properties}{chapter.1}% 6
\BOOKMARK [0][-]{chapter.2}{\247Group Homomorphisms}{part.1}% 7
\BOOKMARK [1][-]{section.2.1}{Basic Definitions and Examples: Group Homomorphisms}{chapter.2}% 8
\BOOKMARK [2][-]{subsection.2.1.1}{Group Isomorphisms}{section.2.1}% 9
\BOOKMARK [1][-]{section.2.2}{Automorphisms}{chapter.2}% 10
\BOOKMARK [0][-]{chapter.3}{\247Subgroups}{part.1}% 11
\BOOKMARK [1][-]{section.3.1}{Basic Definitions and Examples: Subgroups}{chapter.3}% 12
\BOOKMARK [2][-]{subsection.3.1.1}{Center}{section.3.1}% 13
\BOOKMARK [1][-]{section.3.2}{Cyclic Subgroups}{chapter.3}% 14
\BOOKMARK [1][-]{section.3.3}{Dihedral Groups}{chapter.3}% 15
\BOOKMARK [1][-]{section.3.4}{Lattice Subgroups of a Group}{chapter.3}% 16
\BOOKMARK [0][-]{chapter.4}{\247Free Groups}{part.1}% 17
\BOOKMARK [1][-]{section.4.1}{Basic Definitions and Examples: Free Groups}{chapter.4}% 18
\BOOKMARK [1][-]{section.4.2}{Presentations}{chapter.4}% 19
\BOOKMARK [0][-]{chapter.5}{\247Quotient Groups}{part.1}% 20
\BOOKMARK [1][-]{section.5.1}{Cosets}{chapter.5}% 21
\BOOKMARK [1][-]{section.5.2}{Lagrange's Theorem and Applications}{chapter.5}% 22
\BOOKMARK [2][-]{subsection.5.2.1}{Classification of Groups of Order 2p for p a prime}{section.5.2}% 23
\BOOKMARK [1][-]{section.5.3}{The Alternating Group}{chapter.5}% 24
\BOOKMARK [1][-]{section.5.4}{The Quotient Group Definition and Construction}{chapter.5}% 25
