\BOOKMARK [-1][-]{part.1}{I Group Theory}{}% 1
\BOOKMARK [0][-]{chapter.1}{\247\247Basic Definitions and Examples: Groups}{part.1}% 2
\BOOKMARK [1][-]{section.1.1}{\247Initial Definitions}{chapter.1}% 3
\BOOKMARK [1][-]{section.1.2}{\247The Group of Symmetries}{chapter.1}% 4
\BOOKMARK [2][-]{eg.1.2.3}{\247Notation: Cycles}{section.1.2}% 5
\BOOKMARK [1][-]{section.1.3}{\247General Properties}{chapter.1}% 6
\BOOKMARK [0][-]{chapter.2}{\247\247Group Homomorphisms}{part.1}% 7
\BOOKMARK [1][-]{section.2.1}{\247Basic Definitions and Examples: Group Homomorphisms}{chapter.2}% 8
\BOOKMARK [2][-]{Item.40}{\247Group Isomorphisms}{section.2.1}% 9
\BOOKMARK [1][-]{section.2.2}{\247Automorphisms}{chapter.2}% 10
\BOOKMARK [0][-]{chapter.3}{\247\247Subgroups}{part.1}% 11
\BOOKMARK [1][-]{section.3.1}{\247Basic Definitions and Examples: Subgroups}{chapter.3}% 12
\BOOKMARK [2][-]{equation.3.1.1}{\247Center}{section.3.1}% 13
\BOOKMARK [1][-]{section.3.2}{\247Cyclic Subgroups}{chapter.3}% 14
\BOOKMARK [1][-]{section.3.3}{\247Dihedral Groups}{chapter.3}% 15
\BOOKMARK [1][-]{section.3.4}{\247Lattice Subgroups of a Group}{chapter.3}% 16
\BOOKMARK [0][-]{chapter.4}{\247\247Free Groups}{part.1}% 17
\BOOKMARK [1][-]{section.4.1}{\247Basic Definitions and Examples: Free Groups}{chapter.4}% 18
\BOOKMARK [1][-]{section.4.2}{\247Presentations}{chapter.4}% 19
\BOOKMARK [0][-]{chapter.5}{\247\247Quotient Groups}{part.1}% 20
\BOOKMARK [1][-]{section.5.1}{\247Cosets}{chapter.5}% 21
\BOOKMARK [1][-]{section.5.2}{\247Lagrange's Theorem and Applications}{chapter.5}% 22
\BOOKMARK [2][-]{namthm.4}{\247Classification of Groups of Order 2p for p a prime}{section.5.2}% 23
\BOOKMARK [1][-]{section.5.3}{\247The Alternating Group}{chapter.5}% 24
\BOOKMARK [1][-]{section.5.4}{\247The Quotient Group Definition and Construction}{chapter.5}% 25
\BOOKMARK [1][-]{section.5.5}{\247Isomorphism Theorems and Correspondence}{chapter.5}% 26
\BOOKMARK [0][-]{chapter.6}{\247\247Group Actions}{part.1}% 27
\BOOKMARK [1][-]{section.6.1}{\247Basic Definitions and Examples: Group Actions}{chapter.6}% 28
\BOOKMARK [2][-]{equation.6.1.11}{\247Application to Cycle Decompositions}{section.6.1}% 29
\BOOKMARK [1][-]{section.6.2}{\247Counting and Combinatorial Formulas}{chapter.6}% 30
\BOOKMARK [1][-]{section.6.3}{\247Conjugacy Actions and Actions on Subgroups}{chapter.6}% 31
\BOOKMARK [2][-]{thm.6.3.4}{\247Conjugation in Special groups}{section.6.3}% 32
\BOOKMARK [2][-]{thm.6.3.6}{\247Right Group Actions}{section.6.3}% 33
\BOOKMARK [1][-]{section.6.4}{\247P-Groups}{chapter.6}% 34
\BOOKMARK [1][-]{section.6.5}{\247Sylow's Theorem}{chapter.6}% 35
\BOOKMARK [2][-]{Item.175}{Applications of Sylow's Theorem}{section.6.5}% 36
\BOOKMARK [0][-]{chapter.7}{\247\247Product Groups}{part.1}% 37
\BOOKMARK [1][-]{section.7.1}{\247Basic Definitions and Examples: Product Groups}{chapter.7}% 38
\BOOKMARK [1][-]{section.7.2}{\247Semi-Direct Products}{chapter.7}% 39
\BOOKMARK [2][-]{defn.7.2.2}{Classifications of Certain Finite Groups}{section.7.2}% 40
\BOOKMARK [0][-]{chapter.8}{\247\247Nilpotent and Solvable Groups}{part.1}% 41
\BOOKMARK [1][-]{section.8.1}{\247p-Groups}{chapter.8}% 42
\BOOKMARK [1][-]{section.8.2}{\247Nilpotent Groups}{chapter.8}% 43
\BOOKMARK [1][-]{section.8.3}{\247Composition Series and Solvable Groups}{chapter.8}% 44
\BOOKMARK [2][-]{thm.8.3.3}{The H\366lder Program}{section.8.3}% 45
\BOOKMARK [-1][-]{part.2}{II Ring Theory}{}% 46
\BOOKMARK [0][-]{chapter.9}{\247\247Basic Definitions and Examples: Rings}{part.2}% 47
\BOOKMARK [1][-]{section.9.1}{\247Initial Definitions and Examples}{chapter.9}% 48
\BOOKMARK [2][-]{Item.239}{\247Integral Domains}{section.9.1}% 49
\BOOKMARK [2][-]{rmk.9.1.5}{\247Subrings}{section.9.1}% 50
\BOOKMARK [1][-]{section.9.2}{\247Ring Homomorphisms}{chapter.9}% 51
\BOOKMARK [1][-]{section.9.3}{\247Domains and Fields of Fractions}{chapter.9}% 52
\BOOKMARK [1][-]{section.9.4}{\247Special Definitions and Facts}{chapter.9}% 53
\BOOKMARK [1][-]{section.9.5}{\247The Gaussian Integers}{chapter.9}% 54
\BOOKMARK [0][-]{chapter.10}{\247\247Ideals and Quotient Rings}{part.2}% 55
\BOOKMARK [1][-]{section.10.1}{\247Basic Definitions and Examples: Ideals}{chapter.10}% 56
\BOOKMARK [2][-]{equation.10.1.6}{\247Simple Ideals}{section.10.1}% 57
\BOOKMARK [2][-]{thm.10.1.4}{\247Maximal and Prime Ideals}{section.10.1}% 58
\BOOKMARK [1][-]{section.10.2}{\247Ideal Arithmetic and the Chinese Remainder Theorem}{chapter.10}% 59
\BOOKMARK [1][-]{section.10.3}{\247Adjunctions}{chapter.10}% 60
\BOOKMARK [1][-]{section.10.4}{\247Isomorphism Theorems and Correspondence}{chapter.10}% 61
\BOOKMARK [0][-]{chapter.11}{\247\247Unique Factorization Domains}{part.2}% 62
\BOOKMARK [1][-]{section.11.1}{\247Basic Definitions and Examples: UFDs}{chapter.11}% 63
\BOOKMARK [1][-]{section.11.2}{\247Unique Factorization in F[x]}{chapter.11}% 64
\BOOKMARK [0][-]{chapter.12}{\247\247Principal Ideal Domains}{part.2}% 65
\BOOKMARK [1][-]{section.12.1}{\247Basic Definitions and Examples: PIDs}{chapter.12}% 66
\BOOKMARK [0][-]{chapter.13}{\247\247Euclidean Domains}{part.2}% 67
\BOOKMARK [1][-]{section.13.1}{\247Basic Definitions and Examples: Euclidean Domains}{chapter.13}% 68
\BOOKMARK [0][-]{chapter.14}{\247\247Polynomial Rings}{part.2}% 69
\BOOKMARK [1][-]{section.14.1}{\247Basic Definitions and Examples: Polynomial Rings}{chapter.14}% 70
\BOOKMARK [1][-]{section.14.2}{\247Division Algorithm}{chapter.14}% 71
\BOOKMARK [2][-]{eg.14.2.6}{\247Solutions to Polynomials}{section.14.2}% 72
\BOOKMARK [1][-]{section.14.3}{\247Substitution Principle}{chapter.14}% 73
\BOOKMARK [1][-]{section.14.4}{\247Roots and Factorization}{chapter.14}% 74
\BOOKMARK [2][-]{namthm.23}{\247}{section.14.4}% 75
\BOOKMARK [2][-]{equation.14.4.2}{\247Parallels between the Integers and Polynomials over a Field}{section.14.4}% 76
\BOOKMARK [1][-]{section.14.5}{\247Polynomials over a Field}{chapter.14}% 77
\BOOKMARK [2][-]{eg.14.5.2}{\247Field Extensions}{section.14.5}% 78
\BOOKMARK [1][-]{section.14.6}{\247GCD of Polynomials}{chapter.14}% 79
\BOOKMARK [-1][-]{part.3}{III Field Theory}{}% 80
\BOOKMARK [0][-]{chapter.15}{\247\247Basic Definitions and Examples: Fields}{part.3}% 81
\BOOKMARK [0][-]{chapter.16}{\247\247Field Extensions}{part.3}% 82
\BOOKMARK [1][-]{section.16.1}{\247Initial Definitions and Examples}{chapter.16}% 83
\BOOKMARK [1][-]{section.16.2}{\247Algebraic Extensions}{chapter.16}% 84
\BOOKMARK [1][-]{section.16.3}{\247Classical Straightedge and Compass Constructions}{chapter.16}% 85
\BOOKMARK [1][-]{section.16.4}{\247Splitting Fields}{chapter.16}% 86
\BOOKMARK [2][-]{thm.16.4.2}{Cyclotomic Fields}{section.16.4}% 87
\BOOKMARK [1][-]{section.16.5}{\247Separable and Inseparable Extensions}{chapter.16}% 88
\BOOKMARK [1][-]{section.16.6}{Cyclotomic Polynomials and Extensions}{chapter.16}% 89
\BOOKMARK [0][-]{chapter.17}{\247\247Galois Theory}{part.3}% 90
\BOOKMARK [1][-]{section.17.1}{\247Basics Definitions and Examples: Galois Theory}{chapter.17}% 91
\BOOKMARK [2][-]{defn.17.1.3}{The Galois Correspondence}{section.17.1}% 92
\BOOKMARK [1][-]{section.17.2}{\247The Fundamental Theorem of Galois Theory}{chapter.17}% 93
\BOOKMARK [1][-]{section.17.3}{\247Finite Fields}{chapter.17}% 94
\BOOKMARK [1][-]{section.17.4}{\247Composite Extensions and Simple Extensions}{chapter.17}% 95
\BOOKMARK [1][-]{section.17.5}{\247Cyclotomic Extensions and Abelian Extensions}{chapter.17}% 96
\BOOKMARK [2][-]{thm.17.5.4}{Constructability of the n-gon}{section.17.5}% 97
\BOOKMARK [1][-]{section.17.6}{\247Galois Group of Polynomials}{chapter.17}% 98
\BOOKMARK [2][-]{thm.17.6.5}{Polynomials of Degree 2}{section.17.6}% 99
\BOOKMARK [2][-]{thm.17.6.5}{Polynomials of Degree 3}{section.17.6}% 100
\BOOKMARK [2][-]{thm.17.6.5}{Polynomials of Degree 4}{section.17.6}% 101
\BOOKMARK [1][-]{section.17.7}{\247Solvable and Radical Extensions}{chapter.17}% 102
\BOOKMARK [-1][-]{part.4}{IV Modules}{}% 103
\BOOKMARK [0][-]{chapter.18}{\247\247General Definitions and Examples: Modules}{part.4}% 104
\BOOKMARK [1][-]{section.18.1}{\247Basic Definitions and Examples: Modules}{chapter.18}% 105
\BOOKMARK [1][-]{section.18.2}{\247Module Homomorphisms}{chapter.18}% 106
\BOOKMARK [2][-]{defn.18.2.4}{\247Isomorphism Theorems for Modules}{section.18.2}% 107
\BOOKMARK [2][-]{namthm.33}{\247Evaluation Bijections}{section.18.2}% 108
\BOOKMARK [1][-]{section.18.3}{\247Submodules}{chapter.18}% 109
\BOOKMARK [1][-]{section.18.4}{\247Free Modules and Generators}{chapter.18}% 110
\BOOKMARK [0][-]{chapter.19}{\247\247Linear Transformations}{part.4}% 111
\BOOKMARK [0][-]{chapter.20}{\247\247Matrix Theory for Free Modules}{part.4}% 112
\BOOKMARK [0][-]{chapter.21}{\247\247Modules over PIDs}{part.4}% 113
\BOOKMARK [0][-]{chapter.22}{\247\247Tensor Products}{part.4}% 114
\BOOKMARK [1][-]{section.22.1}{\247Module Tensor Products}{chapter.22}% 115
\BOOKMARK [2][-]{section*.1}{Motivation/Special Case}{section.22.1}% 116
\BOOKMARK [2][-]{thm.22.1.2}{General Construction}{section.22.1}% 117
\BOOKMARK [0][-]{section*.2}{Appendices}{part.4}% 118
\BOOKMARK [1][-]{section.1..1}{\247Semi-Groups and Monoids}{section*.2}% 119
