\BOOKMARK [-1][-]{part.1}{Part I Group Theory}{}% 1
\BOOKMARK [0][-]{chapter.1}{ Basic Definitions and Examples: Groups}{part.1}% 2
\BOOKMARK [1][-]{section.1.1}{ Initial Definitions}{chapter.1}% 3
\BOOKMARK [1][-]{section.1.2}{ The Group of Symmetries}{chapter.1}% 4
\BOOKMARK [2][-]{subsection.1.2.1}{ Notation: Cycles}{section.1.2}% 5
\BOOKMARK [1][-]{section.1.3}{ General Properties}{chapter.1}% 6
\BOOKMARK [1][-]{example.1.12}{Appendix: Semi-Groups and Monoids}{chapter.1}% 7
\BOOKMARK [0][-]{chapter.2}{ Group Homomorphisms}{part.1}% 8
\BOOKMARK [1][-]{section.2.1}{ Basic Definitions and Examples: Group Homomorphisms}{chapter.2}% 9
\BOOKMARK [2][-]{subsection.2.1.1}{ Group Isomorphisms}{section.2.1}% 10
\BOOKMARK [1][-]{section.2.2}{ Automorphisms}{chapter.2}% 11
\BOOKMARK [0][-]{chapter.3}{ Subgroups}{part.1}% 12
\BOOKMARK [1][-]{section.3.1}{ Basic Definitions and Examples: Subgroups}{chapter.3}% 13
\BOOKMARK [2][-]{subsection.3.1.1}{ Center}{section.3.1}% 14
\BOOKMARK [1][-]{section.3.2}{ Cyclic Subgroups}{chapter.3}% 15
\BOOKMARK [1][-]{section.3.3}{ Dihedral Groups}{chapter.3}% 16
\BOOKMARK [1][-]{section.3.4}{ Lattice Subgroups of a Group}{chapter.3}% 17
\BOOKMARK [0][-]{chapter.4}{ Free Groups}{part.1}% 18
\BOOKMARK [1][-]{section.4.1}{ Basic Definitions and Examples: Free Groups}{chapter.4}% 19
\BOOKMARK [1][-]{section.4.2}{ Presentations}{chapter.4}% 20
\BOOKMARK [0][-]{chapter.5}{ Quotient Groups}{part.1}% 21
\BOOKMARK [1][-]{section.5.1}{ Cosets}{chapter.5}% 22
\BOOKMARK [1][-]{section.5.2}{ Lagrange's Theorem and Applications}{chapter.5}% 23
\BOOKMARK [2][-]{subsection.5.2.1}{ Classification of Groups of Order 2p for p a prime}{section.5.2}% 24
\BOOKMARK [1][-]{section.5.3}{ The Alternating Group}{chapter.5}% 25
\BOOKMARK [1][-]{section.5.4}{ The Quotient Group Definition and Construction}{chapter.5}% 26
\BOOKMARK [1][-]{section.5.5}{ Isomorphism Theorems and Correspondence}{chapter.5}% 27
\BOOKMARK [0][-]{chapter.6}{ Group Actions}{part.1}% 28
\BOOKMARK [1][-]{section.6.1}{ Basic Definitions and Examples: Group Actions}{chapter.6}% 29
\BOOKMARK [2][-]{subsection.6.1.1}{ Application to Cycle Decompositions}{section.6.1}% 30
\BOOKMARK [1][-]{section.6.2}{ Counting and Combinatorial Formulas}{chapter.6}% 31
\BOOKMARK [1][-]{section.6.3}{ Conjugacy Actions and Actions on Subgroups}{chapter.6}% 32
\BOOKMARK [2][-]{subsection.6.3.1}{ Conjugation in Special groups}{section.6.3}% 33
\BOOKMARK [2][-]{subsection.6.3.2}{ Right Group Actions}{section.6.3}% 34
\BOOKMARK [1][-]{section.6.4}{ P-Groups}{chapter.6}% 35
\BOOKMARK [1][-]{section.6.5}{ Sylow's Theorem}{chapter.6}% 36
\BOOKMARK [2][-]{subsection.6.5.1}{Applications of Sylow's Theorem}{section.6.5}% 37
\BOOKMARK [0][-]{chapter.7}{ Product Groups}{part.1}% 38
\BOOKMARK [1][-]{section.7.1}{ Basic Definitions and Examples: Product Groups}{chapter.7}% 39
\BOOKMARK [1][-]{section.7.2}{ Semi-Direct Products}{chapter.7}% 40
\BOOKMARK [2][-]{subsection.7.2.1}{Classifications of Certain Finite Groups}{section.7.2}% 41
\BOOKMARK [0][-]{chapter.8}{ Nilpotent and Solvable Groups}{part.1}% 42
\BOOKMARK [1][-]{section.8.1}{ p-Groups}{chapter.8}% 43
\BOOKMARK [1][-]{section.8.2}{ Nilpotent Groups}{chapter.8}% 44
\BOOKMARK [1][-]{section.8.3}{ Composition Series and Solvable Groups}{chapter.8}% 45
\BOOKMARK [2][-]{subsection.8.3.1}{The H\366lder Program}{section.8.3}% 46
\BOOKMARK [-1][-]{part.2}{Part II Ring Theory}{}% 47
\BOOKMARK [0][-]{chapter.9}{ Basic Definitions and Examples: Rings}{part.2}% 48
\BOOKMARK [1][-]{section.9.1}{ Initial Definitions and Examples}{chapter.9}% 49
\BOOKMARK [2][-]{subsection.9.1.1}{ Integral Domains}{section.9.1}% 50
\BOOKMARK [2][-]{subsection.9.1.2}{ Subrings}{section.9.1}% 51
\BOOKMARK [1][-]{section.9.2}{ Ring Homomorphisms}{chapter.9}% 52
\BOOKMARK [1][-]{section.9.3}{ Domains and Fields of Fractions}{chapter.9}% 53
\BOOKMARK [1][-]{section.9.4}{ Special Definitions and Facts}{chapter.9}% 54
\BOOKMARK [1][-]{section.9.5}{ The Gaussian Integers}{chapter.9}% 55
\BOOKMARK [0][-]{chapter.10}{ Ideals and Quotient Rings}{part.2}% 56
\BOOKMARK [1][-]{section.10.1}{ Basic Definitions and Examples: Ideals}{chapter.10}% 57
\BOOKMARK [2][-]{subsection.10.1.1}{ Simple Ideals}{section.10.1}% 58
\BOOKMARK [2][-]{subsection.10.1.2}{ Maximal and Prime Ideals}{section.10.1}% 59
\BOOKMARK [1][-]{section.10.2}{ Ideal Arithmetic and the Chinese Remainder Theorem}{chapter.10}% 60
\BOOKMARK [1][-]{section.10.3}{ Adjunctions}{chapter.10}% 61
\BOOKMARK [1][-]{section.10.4}{ Isomorphism Theorems and Correspondence}{chapter.10}% 62
\BOOKMARK [0][-]{chapter.11}{ Unique Factorization Domains}{part.2}% 63
\BOOKMARK [1][-]{section.11.1}{ Basic Definitions and Examples: UFDs}{chapter.11}% 64
\BOOKMARK [1][-]{section.11.2}{ Unique Factorization in F[x]}{chapter.11}% 65
\BOOKMARK [0][-]{chapter.12}{ Principal Ideal Domains}{part.2}% 66
\BOOKMARK [1][-]{section.12.1}{ Basic Definitions and Examples: PIDs}{chapter.12}% 67
\BOOKMARK [0][-]{chapter.13}{ Euclidean Domains}{part.2}% 68
\BOOKMARK [1][-]{section.13.1}{ Basic Definitions and Examples: Euclidean Domains}{chapter.13}% 69
\BOOKMARK [0][-]{chapter.14}{ Polynomial Rings}{part.2}% 70
\BOOKMARK [1][-]{section.14.1}{ Basic Definitions and Examples: Polynomial Rings}{chapter.14}% 71
\BOOKMARK [1][-]{section.14.2}{ Division Algorithm}{chapter.14}% 72
\BOOKMARK [2][-]{subsection.14.2.1}{ Solutions to Polynomials}{section.14.2}% 73
\BOOKMARK [1][-]{section.14.3}{ Substitution Principle}{chapter.14}% 74
\BOOKMARK [1][-]{section.14.4}{ Roots and Factorization}{chapter.14}% 75
\BOOKMARK [2][-]{subsection.14.4.1}{ }{section.14.4}% 76
\BOOKMARK [2][-]{subsection.14.4.2}{ Parallels between the Integers and Polynomials over a Field}{section.14.4}% 77
\BOOKMARK [1][-]{section.14.5}{ Polynomials over a Field}{chapter.14}% 78
\BOOKMARK [2][-]{subsection.14.5.1}{ Field Extensions}{section.14.5}% 79
\BOOKMARK [1][-]{section.14.6}{ GCD of Polynomials}{chapter.14}% 80
\BOOKMARK [-1][-]{part.3}{Part III Field Theory}{}% 81
\BOOKMARK [0][-]{chapter.15}{ Basic Definitions and Examples: Fields}{part.3}% 82
\BOOKMARK [0][-]{chapter.16}{ Field Extensions}{part.3}% 83
\BOOKMARK [1][-]{section.16.1}{ Initial Definitions and Examples}{chapter.16}% 84
\BOOKMARK [1][-]{section.16.2}{ Algebraic Extensions}{chapter.16}% 85
\BOOKMARK [1][-]{section.16.3}{ Classical Straightedge and Compass Constructions}{chapter.16}% 86
\BOOKMARK [1][-]{section.16.4}{ Splitting Fields}{chapter.16}% 87
\BOOKMARK [2][-]{subsection.16.4.1}{Cyclotomic Fields}{section.16.4}% 88
\BOOKMARK [1][-]{section.16.5}{ Separable and Inseparable Extensions}{chapter.16}% 89
\BOOKMARK [1][-]{section.16.6}{Cyclotomic Polynomials and Extensions}{chapter.16}% 90
\BOOKMARK [0][-]{chapter.17}{ Galois Theory}{part.3}% 91
\BOOKMARK [1][-]{section.17.1}{ Basics Definitions and Examples: Galois Theory}{chapter.17}% 92
\BOOKMARK [2][-]{subsection.17.1.1}{The Galois Correspondence}{section.17.1}% 93
\BOOKMARK [1][-]{section.17.2}{ The Fundamental Theorem of Galois Theory}{chapter.17}% 94
\BOOKMARK [1][-]{section.17.3}{ Finite Fields}{chapter.17}% 95
\BOOKMARK [1][-]{section.17.4}{ Composite Extensions and Simple Extensions}{chapter.17}% 96
\BOOKMARK [1][-]{section.17.5}{ Cyclotomic Extensions and Abelian Extensions}{chapter.17}% 97
\BOOKMARK [2][-]{subsection.17.5.1}{Constructability of the n-gon}{section.17.5}% 98
\BOOKMARK [1][-]{section.17.6}{ Galois Group of Polynomials}{chapter.17}% 99
\BOOKMARK [2][-]{subsection.17.6.1}{Polynomials of Degree 2}{section.17.6}% 100
\BOOKMARK [2][-]{subsection.17.6.2}{Polynomials of Degree 3}{section.17.6}% 101
\BOOKMARK [2][-]{subsection.17.6.3}{Polynomials of Degree 4}{section.17.6}% 102
\BOOKMARK [1][-]{section.17.7}{ Solvable and Radical Extensions}{chapter.17}% 103
\BOOKMARK [-1][-]{part.4}{Part IV Module Theory}{}% 104
\BOOKMARK [0][-]{chapter.18}{ General Definitions and Examples: Modules}{part.4}% 105
\BOOKMARK [1][-]{section.18.1}{ Basic Definitions and Examples: Modules}{chapter.18}% 106
\BOOKMARK [1][-]{section.18.2}{ Module Homomorphisms}{chapter.18}% 107
\BOOKMARK [2][-]{subsection.18.2.1}{ Isomorphism Theorems for Modules}{section.18.2}% 108
\BOOKMARK [2][-]{subsection.18.2.2}{ Evaluation Bijections}{section.18.2}% 109
\BOOKMARK [1][-]{section.18.3}{ Submodules}{chapter.18}% 110
\BOOKMARK [1][-]{section.18.4}{ Free Modules and Generators}{chapter.18}% 111
\BOOKMARK [0][-]{chapter.19}{\247\247Linear Transformations}{part.4}% 112
\BOOKMARK [0][-]{chapter.20}{\247\247Matrix Theory for Free Modules}{part.4}% 113
\BOOKMARK [0][-]{chapter.21}{\247\247Modules over PIDs}{part.4}% 114
\BOOKMARK [0][-]{chapter.22}{ Tensor Products}{part.4}% 115
\BOOKMARK [1][-]{section.22.1}{ Module Tensor Products}{chapter.22}% 116
\BOOKMARK [2][-]{subsection.22.1.1}{Motivation/Special Case}{section.22.1}% 117
\BOOKMARK [2][-]{subsection.22.1.2}{General Construction}{section.22.1}% 118
