\BOOKMARK [-1][-]{part.1}{\376\377\000P\000a\000r\000t\000\040\000I\000\040\000F\000o\000u\000n\000d\000a\000t\000i\000o\000n\000s}{}% 1
\BOOKMARK [0][-]{chapter.1}{\376\377\000T\000y\000p\000e\000\040\000T\000h\000e\000o\000r\000y}{part.1}% 2
\BOOKMARK [1][-]{section.1.1}{\376\377\000T\000y\000p\000e\000\040\000T\000h\000e\000o\000r\000y\000\040\000v\000e\000r\000s\000u\000s\000\040\000S\000e\000t\000\040\000T\000h\000e\000o\000r\000y}{chapter.1}% 3
\BOOKMARK [1][-]{section.1.2}{\376\377\000F\000u\000n\000c\000t\000i\000o\000n\000\040\000T\000y\000p\000e\000s}{chapter.1}% 4
\BOOKMARK [1][-]{section.1.3}{\376\377\000U\000n\000i\000v\000e\000r\000s\000e\000s\000\040\000a\000n\000d\000\040\000F\000a\000m\000i\000l\000i\000e\000s}{chapter.1}% 5
\BOOKMARK [1][-]{section.1.4}{\376\377\000D\000e\000p\000e\000n\000d\000e\000n\000t\000\040\000F\000u\000n\000c\000t\000i\000o\000n\000\040\000T\000y\000p\000e\000s}{chapter.1}% 6
\BOOKMARK [1][-]{section.1.5}{\376\377\000P\000r\000o\000d\000u\000c\000t\000\040\000T\000y\000p\000e\000s}{chapter.1}% 7
\BOOKMARK [1][-]{section.1.6}{\376\377\000D\000e\000p\000e\000n\000d\000e\000n\000t\000\040\000P\000a\000i\000r\000\040\000T\000y\000p\000e\000s}{chapter.1}% 8
\BOOKMARK [1][-]{section.1.7}{\376\377\000C\000o\000p\000r\000o\000d\000u\000c\000t\000\040\000T\000y\000p\000e\000s}{chapter.1}% 9
\BOOKMARK [1][-]{section.1.8}{\376\377\000T\000h\000e\000\040\000t\000y\000p\000e\000\040\000o\000f\000\040\000b\000o\000o\000l\000e\000a\000n\000s}{chapter.1}% 10
\BOOKMARK [1][-]{section.1.9}{\376\377\000T\000h\000e\000\040\000n\000a\000t\000u\000r\000a\000l\000\040\000n\000u\000m\000b\000e\000r\000s}{chapter.1}% 11
\BOOKMARK [1][-]{section.1.10}{\376\377\000P\000a\000t\000t\000e\000r\000n\000\040\000M\000a\000t\000c\000h\000i\000n\000g\000\040\000a\000n\000d\000\040\000R\000e\000c\000u\000r\000s\000i\000o\000n}{chapter.1}% 12
\BOOKMARK [1][-]{section.1.11}{\376\377\000P\000r\000o\000p\000o\000s\000i\000t\000i\000o\000n\000s\000\040\000a\000s\000\040\000T\000y\000p\000e\000s}{chapter.1}% 13
\BOOKMARK [1][-]{section.1.12}{\376\377\000I\000d\000e\000n\000t\000i\000t\000y\000\040\000T\000y\000p\000e\000s}{chapter.1}% 14
\BOOKMARK [2][-]{subsection.1.12.1}{\376\377\000P\000a\000t\000h\000\040\000I\000n\000d\000u\000c\000t\000i\000o\000n}{section.1.12}% 15
\BOOKMARK [0][-]{chapter.2}{\376\377\000H\000o\000m\000o\000t\000o\000p\000y\000\040\000T\000y\000p\000e\000\040\000T\000h\000e\000o\000r\000y}{part.1}% 16
\BOOKMARK [1][-]{section.2.1}{\376\377\000T\000y\000p\000e\000s\000\040\000a\000s\000\040\000H\000i\000g\000h\000e\000r\000\040\000G\000r\000o\000u\000p\000o\000i\000n\000d}{chapter.2}% 17
\BOOKMARK [0][-]{chapter.3}{\376\377\000S\000e\000t\000s\000\040\000a\000n\000d\000\040\000L\000o\000g\000i\000c}{part.1}% 18
\BOOKMARK [0][-]{chapter.4}{\376\377\000E\000q\000u\000i\000v\000a\000l\000e\000n\000c\000e\000s}{part.1}% 19
\BOOKMARK [0][-]{chapter.5}{\376\377\000I\000n\000d\000u\000c\000t\000i\000o\000n}{part.1}% 20
\BOOKMARK [0][-]{chapter.6}{\376\377\000H\000i\000g\000h\000e\000r\000\040\000I\000n\000d\000u\000c\000t\000i\000v\000e\000\040\000T\000y\000p\000e\000s}{part.1}% 21
\BOOKMARK [0][-]{chapter.7}{\376\377\000H\000o\000m\000o\000t\000o\000p\000y\000\040\000n\000-\000T\000y\000p\000e\000s}{part.1}% 22
\BOOKMARK [-1][-]{part.2}{\376\377\000P\000a\000r\000t\000\040\000I\000I\000\040\000M\000a\000t\000h\000e\000m\000a\000t\000i\000c\000s}{}% 23
\BOOKMARK [0][-]{chapter.8}{\376\377\000H\000o\000m\000o\000t\000o\000p\000y\000\040\000T\000h\000e\000o\000r\000y}{part.2}% 24
\BOOKMARK [0][-]{chapter.9}{\376\377\000C\000a\000t\000e\000g\000o\000r\000y\000\040\000T\000h\000e\000o\000r\000y}{part.2}% 25
\BOOKMARK [0][-]{chapter.10}{\376\377\000S\000e\000t\000\040\000T\000h\000e\000o\000r\000y}{part.2}% 26
\BOOKMARK [0][-]{chapter.11}{\376\377\000R\000e\000a\000l\000\040\000N\000u\000m\000b\000e\000r\000s}{part.2}% 27
\BOOKMARK [-1][-]{part.3}{\376\377\000P\000a\000r\000t\000\040\000I\000I\000I\000\040\000C\000O\000Q\000\040\000P\000r\000o\000o\000f\000\040\000A\000s\000s\000i\000s\000t\000a\000n\000t}{}% 28
\BOOKMARK [0][-]{chapter.12}{\376\377\000C\000o\000d\000i\000n\000g\000\040\000i\000n\000\040\000C\000o\000q}{part.3}% 29
\BOOKMARK [0][-]{appendix.A}{\376\377\000F\000o\000r\000m\000a\000l\000\040\000T\000y\000p\000e\000\040\000T\000h\000e\000o\000r\000y}{part.3}% 30
