\BOOKMARK [-1][-]{part.1}{Part I Vector Spaces}{}% 1
\BOOKMARK [0][-]{chapter.1}{Vector Spaces}{part.1}% 2
\BOOKMARK [1][-]{section.1.1}{Vector Space Basics}{chapter.1}% 3
\BOOKMARK [1][-]{section.1.2}{Direct Sums}{chapter.1}% 4
\BOOKMARK [1][-]{section.1.3}{Spans and Linear Independence}{chapter.1}% 5
\BOOKMARK [1][-]{section.1.4}{Ordered Bases and Coordinates}{chapter.1}% 6
\BOOKMARK [1][-]{definition.1.9}{Appendix: Constructions}{chapter.1}% 7
\BOOKMARK [0][-]{chapter.2}{Linear Maps}{part.1}% 8
\BOOKMARK [1][-]{section.2.1}{Basic Linear Maps}{chapter.2}% 9
\BOOKMARK [1][-]{section.2.2}{Quotients and Dimension Theory}{chapter.2}% 10
\BOOKMARK [1][-]{section.2.3}{Matrix Representations}{chapter.2}% 11
\BOOKMARK [1][-]{section.2.4}{Dual Space}{chapter.2}% 12
\BOOKMARK [2][-]{subsection.2.4.1}{Operator Adjoints}{section.2.4}% 13
\BOOKMARK [1][-]{proof.9}{Appendix A: Multilinear Maps}{chapter.2}% 14
\BOOKMARK [2][-]{subsection.2.4.2}{Matrix Representations of Bilinear Forms}{proof.9}% 15
\BOOKMARK [1][-]{corollary.2.2}{Appendix B: Quadratic Forms}{chapter.2}% 16
\BOOKMARK [0][-]{chapter.3}{Matrix Algebra}{part.1}% 17
\BOOKMARK [0][-]{chapter.4}{Inner Product Spaces}{part.1}% 18
\BOOKMARK [1][-]{section.4.1}{Inner Product Construction}{chapter.4}% 19
\BOOKMARK [1][-]{section.4.2}{Orthogonality}{chapter.4}% 20
\BOOKMARK [2][-]{subsection.4.2.1}{Orthogonal Projections}{section.4.2}% 21
\BOOKMARK [2][-]{subsection.4.2.2}{Riesz Representation Theory}{section.4.2}% 22
\BOOKMARK [1][-]{section.4.3}{Adjoint of a Linear Operator}{chapter.4}% 23
\BOOKMARK [1][-]{section.4.4}{Spectral Theory}{chapter.4}% 24
\BOOKMARK [0][-]{chapter.5}{Spectral Theory}{part.1}% 25
\BOOKMARK [0][-]{chapter.6}{Canonical Forms}{part.1}% 26
\BOOKMARK [1][-]{section.6.1}{Singular Value Decomposition}{chapter.6}% 27
\BOOKMARK [1][-]{section.6.2}{Eigenspaces and Diagonalization}{chapter.6}% 28
\BOOKMARK [2][-]{subsection.6.2.1}{Invariant Subspaces}{section.6.2}% 29
\BOOKMARK [1][-]{section.6.3}{Jordan Canonical Form}{chapter.6}% 30
\BOOKMARK [-1][-]{part.2}{Part II Module Theory}{}% 31
\BOOKMARK [0][-]{chapter.7}{General Theory}{part.2}% 32
\BOOKMARK [0][-]{chapter.8}{Universal Constructions}{part.2}% 33
\BOOKMARK [0][-]{chapter.9}{Modules Over PIDs}{part.2}% 34
\BOOKMARK [0][-]{chapter.10}{Tensor Products}{part.2}% 35
