\BOOKMARK [-1][-]{part.1}{I Vector Space Theory}{}% 1
\BOOKMARK [0][-]{chapter.1}{Vector Spaces}{part.1}% 2
\BOOKMARK [1][-]{section.1.1.A}{Constructions}{chapter.1}% 3
\BOOKMARK [0][-]{appendix.2}{Linear Maps}{part.1}% 4
\BOOKMARK [0][-]{appendix.3}{Matrix Operations}{part.1}% 5
\BOOKMARK [0][-]{appendix.4}{Determinants}{part.1}% 6
\BOOKMARK [0][-]{appendix.5}{Spectral Theory}{part.1}% 7
\BOOKMARK [0][-]{appendix.6}{Canonical Forms}{part.1}% 8
\BOOKMARK [1][-]{section.6.1}{Triangular Form}{appendix.6}% 9
\BOOKMARK [1][-]{section.6.2}{Canonical Form for Nilpotent Mappings}{appendix.6}% 10
\BOOKMARK [1][-]{section.6.3}{Jordan Canonical Form}{appendix.6}% 11
\BOOKMARK [0][-]{appendix.7}{Inner Product Spaces}{part.1}% 12
\BOOKMARK [-1][-]{part.2}{II Module Theory}{}% 13
\BOOKMARK [0][-]{appendix.8}{Free Modules}{part.2}% 14
\BOOKMARK [0][-]{appendix.9}{Linear Transformations}{part.2}% 15
\BOOKMARK [0][-]{appendix.10}{Matrix Theory for Free Modules}{part.2}% 16
\BOOKMARK [0][-]{appendix.11}{Modules over PIDs}{part.2}% 17
\BOOKMARK [-1][-]{part.3}{III Multilinear Algebra}{}% 18
\BOOKMARK [0][-]{appendix.12}{Tensor Products}{part.3}% 19
\BOOKMARK [0][-]{section*.1}{Appendices}{part.3}% 20
\BOOKMARK [1][-]{section.2..1}{Important Algebraic Structures}{section*.1}% 21
\BOOKMARK [1][-]{section.2..2}{Euclidean Space and Geometry}{section*.1}% 22
