\BOOKMARK [-1][-]{part.1}{Part I Part I}{}% 1
\BOOKMARK [0][-]{chapter.1}{Complex Plane and Basic Functions}{part.1}% 2
\BOOKMARK [1][-]{section.1.1}{Complex Numbers}{chapter.1}% 3
\BOOKMARK [2][-]{subsection.1.1.1}{Geometry of the Complex Numbers}{section.1.1}% 4
\BOOKMARK [1][-]{section.1.2}{Local Inverses and Branch-cut}{chapter.1}% 5
\BOOKMARK [2][-]{subsection.1.2.1}{Square-Root Function}{section.1.2}% 6
\BOOKMARK [1][-]{section.1.3}{Complex Exponential}{chapter.1}% 7
\BOOKMARK [2][-]{subsection.1.3.1}{Failure to Inject}{section.1.3}% 8
\BOOKMARK [1][-]{section.1.4}{Sine, Cosine, Cosh, Sinh}{chapter.1}% 9
\BOOKMARK [2][-]{subsection.1.4.1}{Complex Cosine is Not Bounded}{section.1.4}% 10
\BOOKMARK [1][-]{section.1.5}{Power Functions}{chapter.1}% 11
\BOOKMARK [0][-]{chapter.2}{Analytic Functions}{part.1}% 12
\BOOKMARK [1][-]{section.2.1}{Basic Analysis and Topology}{chapter.2}% 13
\BOOKMARK [1][-]{section.2.2}{Analytic Functions}{chapter.2}% 14
\BOOKMARK [1][-]{section.2.3}{The Cauchy Riemann Equations}{chapter.2}% 15
\BOOKMARK [2][-]{subsection.2.3.1}{Real Differentiability}{section.2.3}% 16
\BOOKMARK [2][-]{subsection.2.3.2}{Cauchy Riemann Equations Sketch}{section.2.3}% 17
\BOOKMARK [1][-]{section.2.4}{Analytic Functions \(cont.\)}{chapter.2}% 18
\BOOKMARK [1][-]{section.2.5}{Harmonic Functions}{chapter.2}% 19
\BOOKMARK [1][-]{section.2.6}{Conformal Functions}{chapter.2}% 20
\BOOKMARK [1][-]{section.2.7}{Fractional Linear Transformations \(FLT's\)}{chapter.2}% 21
\BOOKMARK [2][-]{subsection.2.7.1}{Extended Complex Plane}{section.2.7}% 22
\BOOKMARK [0][-]{chapter.3}{Line Integrals}{part.1}% 23
\BOOKMARK [1][-]{section.3.1}{Line Integrals}{chapter.3}% 24
\BOOKMARK [1][-]{section.3.2}{Harmonic Conjugates}{chapter.3}% 25
\BOOKMARK [1][-]{section.3.3}{The Mean Value Property}{chapter.3}% 26
\BOOKMARK [1][-]{section.3.4}{The Maximum Principle}{chapter.3}% 27
\BOOKMARK [1][-]{section.3.5}{Applications to Physics}{chapter.3}% 28
\BOOKMARK [2][-]{subsection.3.5.1}{The Laplace Equation}{section.3.5}% 29
\BOOKMARK [0][-]{chapter.4}{Complex Integration}{part.1}% 30
\BOOKMARK [1][-]{section.4.1}{Complex Line Integrals}{chapter.4}% 31
\BOOKMARK [1][-]{section.4.2}{Fundamental Theorem of Calculus for Analytic Functions}{chapter.4}% 32
\BOOKMARK [1][-]{section.4.3}{Cauchy's Theorem and Integral Formula}{chapter.4}% 33
\BOOKMARK [1][-]{section.4.4}{Liouville's Theorem}{chapter.4}% 34
\BOOKMARK [1][-]{section.4.5}{Morera's Theorem}{chapter.4}% 35
\BOOKMARK [1][-]{section.4.6}{Goursat's Theorem}{chapter.4}% 36
\BOOKMARK [1][-]{section.4.7}{Pompeiu's Formulas}{chapter.4}% 37
\BOOKMARK [0][-]{chapter.5}{Power Series}{part.1}% 38
\BOOKMARK [1][-]{section.5.1}{Infinite Series}{chapter.5}% 39
\BOOKMARK [1][-]{section.5.2}{Sequences and Series of Functions}{chapter.5}% 40
\BOOKMARK [1][-]{section.5.3}{Power Series}{chapter.5}% 41
\BOOKMARK [2][-]{subsection.5.3.1}{Manipulation of Power Series}{section.5.3}% 42
\BOOKMARK [1][-]{section.5.4}{Zeros of an Analytic Function}{chapter.5}% 43
\BOOKMARK [1][-]{section.5.5}{Analytic Continuation}{chapter.5}% 44
\BOOKMARK [0][-]{chapter.6}{Laurent Series}{part.1}% 45
\BOOKMARK [1][-]{section.6.1}{Laurent Decomposition}{chapter.6}% 46
\BOOKMARK [1][-]{section.6.2}{Isolated Singularities of an Analytic Function}{chapter.6}% 47
\BOOKMARK [1][-]{section.6.3}{Partial Fractions Decomposition}{chapter.6}% 48
\BOOKMARK [1][-]{section.6.4}{Periodic Functions}{chapter.6}% 49
\BOOKMARK [1][-]{section.6.5}{Fourier Series}{chapter.6}% 50
\BOOKMARK [0][-]{chapter.7}{Residue Calculus}{part.1}% 51
\BOOKMARK [1][-]{section.7.1}{The Residue Theorem}{chapter.7}% 52
\BOOKMARK [1][-]{section.7.2}{Integrals Featuring Rational Functions}{chapter.7}% 53
\BOOKMARK [1][-]{section.7.3}{Integrals of Trigonometric Functions}{chapter.7}% 54
\BOOKMARK [1][-]{section.7.4}{Integrands with Branch Points}{chapter.7}% 55
\BOOKMARK [1][-]{section.7.5}{Fractional Residues}{chapter.7}% 56
\BOOKMARK [1][-]{section.7.6}{Principal Values}{chapter.7}% 57
\BOOKMARK [1][-]{section.7.7}{Jordan's Lemma}{chapter.7}% 58
\BOOKMARK [-1][-]{part.2}{Part II Part II}{}% 59
\BOOKMARK [0][-]{chapter.8}{Logarithmic Integral}{part.2}% 60
\BOOKMARK [1][-]{section.8.1}{The Argument Principle}{chapter.8}% 61
\BOOKMARK [1][-]{section.8.2}{Rouch\351's Theorem}{chapter.8}% 62
\BOOKMARK [0][-]{chapter.9}{Chapter Heading}{part.2}% 63
\BOOKMARK [-1][-]{part.3}{Part III Part III}{}% 64
\BOOKMARK [0][-]{chapter.10}{Approximation Theorems}{part.3}% 65
\BOOKMARK [1][-]{section.10.1}{The Mittag-Leffler Theorem}{chapter.10}% 66
\BOOKMARK [1][-]{section.10.2}{Infinite Products}{chapter.10}% 67
\BOOKMARK [1][-]{section.10.3}{The Weierstrass Product Theorem}{chapter.10}% 68
\BOOKMARK [0][-]{chapter.11}{Special Functions}{part.3}% 69
\BOOKMARK [1][-]{section.11.1}{The Gamma Function}{chapter.11}% 70
\BOOKMARK [1][-]{section.11.2}{Laplace Transforms}{chapter.11}% 71
