\BOOKMARK [-1][-]{part.1}{Part I General Topological Spaces}{}% 1
\BOOKMARK [0][-]{chapter.1}{Examples and Constructions of Topological Spaces}{part.1}% 2
\BOOKMARK [1][-]{section.1.1}{Basic Definitions and Examples: Topological Spaces}{chapter.1}% 3
\BOOKMARK [2][-]{subsection.1.1.1}{Comparing Topologies}{section.1.1}% 4
\BOOKMARK [1][-]{section.1.2}{Bases of a Topology}{chapter.1}% 5
\BOOKMARK [1][-]{section.1.3}{Closed Sets and Closures}{chapter.1}% 6
\BOOKMARK [2][-]{subsection.1.3.1}{Closures}{section.1.3}% 7
\BOOKMARK [2][-]{subsection.1.3.2}{Closed Sets}{section.1.3}% 8
\BOOKMARK [2][-]{subsection.1.3.3}{Density}{section.1.3}% 9
\BOOKMARK [1][-]{section.1.4}{The Order Topology}{chapter.1}% 10
\BOOKMARK [1][-]{section.1.5}{The Product Topology}{chapter.1}% 11
\BOOKMARK [2][-]{subsection.1.5.1}{Special Case of Two Topological Spaces}{section.1.5}% 12
\BOOKMARK [2][-]{subsection.1.5.2}{Arbitrary Product Spaces}{section.1.5}% 13
\BOOKMARK [1][-]{section.1.6}{The Subspace Topology}{chapter.1}% 14
\BOOKMARK [1][-]{section.1.7}{Continuous Functions}{chapter.1}% 15
\BOOKMARK [1][-]{section.1.8}{The Quotient Topology}{chapter.1}% 16
\BOOKMARK [0][-]{chapter.2}{Connectedness and Compactness}{part.1}% 17
\BOOKMARK [1][-]{section.2.1}{Connected Spaces}{chapter.2}% 18
\BOOKMARK [1][-]{section.2.2}{Connected Subspaces of the Real Line}{chapter.2}% 19
\BOOKMARK [1][-]{section.2.3}{Components and Local Connectedness}{chapter.2}% 20
\BOOKMARK [1][-]{section.2.4}{Compact Spaces}{chapter.2}% 21
\BOOKMARK [1][-]{section.2.5}{Compact subspaces of the Real Line}{chapter.2}% 22
\BOOKMARK [1][-]{section.2.6}{Limit Point Compactness}{chapter.2}% 23
\BOOKMARK [1][-]{section.2.7}{Local Compactness}{chapter.2}% 24
\BOOKMARK [0][-]{chapter.3}{Countability and Separation Axioms}{part.1}% 25
\BOOKMARK [1][-]{section.3.1}{The Countability Axioms}{chapter.3}% 26
\BOOKMARK [1][-]{section.3.2}{The Separation Axioms}{chapter.3}% 27
\BOOKMARK [0][-]{chapter.4}{Tychonoff's Theorem}{part.1}% 28
\BOOKMARK [-1][-]{part.2}{Part II Metric Spaces and Metrizability}{}% 29
\BOOKMARK [0][-]{chapter.5}{Metrization and Paracompactness}{part.2}% 30
\BOOKMARK [0][-]{chapter.6}{Complete Metric Spaces}{part.2}% 31
\BOOKMARK [0][-]{chapter.7}{Baire Spaces}{part.2}% 32
\BOOKMARK [0][-]{appendix.A}{Appendix A: Set Theory}{part.2}% 33
\BOOKMARK [1][-]{section.A.1}{Relations}{appendix.A}% 34
\BOOKMARK [2][-]{subsection.A.1.1}{Order Relations}{section.A.1}% 35
\BOOKMARK [1][-]{section.A.2}{Properties of the Integers and Reals}{appendix.A}% 36
\BOOKMARK [1][-]{section.A.3}{Cartesian Products}{appendix.A}% 37
\BOOKMARK [1][-]{section.A.4}{Finite Sets}{appendix.A}% 38
\BOOKMARK [1][-]{section.A.5}{Countable and Uncountable Sets}{appendix.A}% 39
\BOOKMARK [1][-]{section.A.6}{Principle of Recursive Definition}{appendix.A}% 40
\BOOKMARK [1][-]{section.A.7}{Infinite Sets and the Axiom of Choice}{appendix.A}% 41
\BOOKMARK [1][-]{section.A.8}{Well-Ordered Sets}{appendix.A}% 42
\BOOKMARK [1][-]{section.A.9}{The Maximum Principle}{appendix.A}% 43
