\BOOKMARK [-1][-]{part.1}{I General Topological Spaces}{}% 1
\BOOKMARK [0][-]{chapter.1}{\247Topological Spaces and Bases}{part.1}% 2
\BOOKMARK [0][-]{chapter.2}{\247Connectedness and Compactness}{part.1}% 3
\BOOKMARK [0][-]{chapter.3}{\247Countability and Separation Axioms}{part.1}% 4
\BOOKMARK [0][-]{chapter.4}{\247The Tychonoff Theorem}{part.1}% 5
\BOOKMARK [-1][-]{part.2}{II Metric Spaces and Metrizability}{}% 6
\BOOKMARK [0][-]{chapter.5}{\247Metrization and Paracompactness}{part.2}% 7
\BOOKMARK [0][-]{chapter.6}{\247Complete Metric Spaces}{part.2}% 8
\BOOKMARK [0][-]{chapter.7}{\247Baire Spaces}{part.2}% 9
\BOOKMARK [-1][-]{part.3}{III Special Results and Theorems}{}% 10
\BOOKMARK [0][-]{chapter.8}{\247The Fundamental Group}{part.3}% 11
\BOOKMARK [0][-]{chapter.9}{\247Separation Theorems in the Plane}{part.3}% 12
\BOOKMARK [0][-]{chapter.10}{\247Seifert-Van Kampen Theorem}{part.3}% 13
\BOOKMARK [0][-]{chapter.11}{\247Classifying Covering Spaces}{part.3}% 14
\BOOKMARK [0][-]{chapter.12}{\247Classifying Surfaces}{part.3}% 15
\BOOKMARK [-1][-]{part.4}{IV Manifold Theory}{}% 16
\BOOKMARK [0][-]{chapter.13}{\247Smooth Manifolds}{part.4}% 17
\BOOKMARK [0][-]{chapter.14}{\247Smooth Maps}{part.4}% 18
\BOOKMARK [0][-]{chapter.15}{\247Tangent Vectors and Bundles}{part.4}% 19
\BOOKMARK [0][-]{chapter.16}{\247Submersions, Immersions, and Embeddings}{part.4}% 20
\BOOKMARK [0][-]{chapter.17}{\247Sard's Theorem}{part.4}% 21
\BOOKMARK [0][-]{chapter.18}{\247Submanifolds}{part.4}% 22
\BOOKMARK [0][-]{chapter.19}{\247Vector Bundles}{part.4}% 23
\BOOKMARK [0][-]{chapter.20}{\247The Cotangent Bundle}{part.4}% 24
\BOOKMARK [0][-]{chapter.21}{\247Tensors}{part.4}% 25
\BOOKMARK [0][-]{chapter.22}{\247Differential Forms}{part.4}% 26
\BOOKMARK [0][-]{chapter.23}{\247Orientations}{part.4}% 27
\BOOKMARK [0][-]{chapter.24}{\247Quotient Manifolds}{part.4}% 28
\BOOKMARK [0][-]{chapter.25}{\247Integration on Manifolds}{part.4}% 29
\BOOKMARK [0][-]{section*.1}{Appendices}{part.4}% 30
