\BOOKMARK [-1][-]{part.1}{I Ordinary Differential Equations}{}% 1
\BOOKMARK [0][-]{chapter.1}{Basic Concepts}{part.1}% 2
\BOOKMARK [1][-]{section.1.1}{Definitions}{chapter.1}% 3
\BOOKMARK [0][-]{chapter.2}{First Order ODEs}{part.1}% 4
\BOOKMARK [1][-]{section.2.1}{Linear First Order ODEs}{chapter.2}% 5
\BOOKMARK [1][-]{section.2.2}{Separable Equations}{chapter.2}% 6
\BOOKMARK [1][-]{section.2.3}{Bernoulli Equations}{chapter.2}% 7
\BOOKMARK [1][-]{section.2.4}{Exact Equations}{chapter.2}% 8
\BOOKMARK [1][-]{section.2.5}{Existence And Uniqueness}{chapter.2}% 9
\BOOKMARK [1][-]{section.2.6}{Applications}{chapter.2}% 10
\BOOKMARK [0][-]{chapter.3}{Second Order Linear ODEs}{part.1}% 11
\BOOKMARK [1][-]{section.3.1}{Constant Coefficients}{chapter.3}% 12
\BOOKMARK [1][-]{section.3.2}{General Theory}{chapter.3}% 13
\BOOKMARK [1][-]{section.3.3}{Method of Undetermined Coefficients}{chapter.3}% 14
\BOOKMARK [1][-]{section.3.4}{Variation of Parameters}{chapter.3}% 15
\BOOKMARK [0][-]{chapter.4}{Higher Order Linear ODEs}{part.1}% 16
\BOOKMARK [1][-]{section.4.1}{General Theory}{chapter.4}% 17
\BOOKMARK [1][-]{section.4.2}{Constant Coefficients}{chapter.4}% 18
\BOOKMARK [1][-]{section.4.3}{Variation of Parameters}{chapter.4}% 19
\BOOKMARK [1][-]{section.4.4}{Cauchy-Euler Equations}{chapter.4}% 20
\BOOKMARK [0][-]{chapter.5}{Systems of First Order Linear ODEs}{part.1}% 21
\BOOKMARK [1][-]{section.5.1}{Definitions and Notation}{chapter.5}% 22
\BOOKMARK [1][-]{section.5.2}{General Theory}{chapter.5}% 23
\BOOKMARK [1][-]{section.5.3}{Methods of Solution}{chapter.5}% 24
\BOOKMARK [0][-]{chapter.6}{Series Solutions of ODEs}{part.1}% 25
\BOOKMARK [1][-]{section.6.1}{Definitions and Convergence}{chapter.6}% 26
\BOOKMARK [1][-]{section.6.2}{Power Series}{chapter.6}% 27
\BOOKMARK [1][-]{section.6.3}{Taylor Series}{chapter.6}% 28
\BOOKMARK [1][-]{section.6.4}{Definitions for Convergence of Solutions}{chapter.6}% 29
\BOOKMARK [1][-]{section.6.5}{Frobenius Method}{chapter.6}% 30
\BOOKMARK [0][-]{chapter.7}{Laplace Transform}{part.1}% 31
\BOOKMARK [1][-]{section.7.1}{Base Definitions}{chapter.7}% 32
\BOOKMARK [1][-]{section.7.2}{Properties}{chapter.7}% 33
\BOOKMARK [1][-]{section.7.3}{Tables of Laplace Transforms and Inverse Laplace Transforms}{chapter.7}% 34
\BOOKMARK [1][-]{section.7.4}{Solving ODEs with the Laplace Transform}{chapter.7}% 35
\BOOKMARK [1][-]{section.7.5}{Convolution}{chapter.7}% 36
\BOOKMARK [0][-]{chapter.8}{Fourier Series}{part.1}% 37
\BOOKMARK [1][-]{section.8.1}{Orthogonality}{chapter.8}% 38
\BOOKMARK [1][-]{section.8.2}{Fourier Expansions}{chapter.8}% 39
\BOOKMARK [-1][-]{part.2}{II Partial Differential Equations}{}% 40
\BOOKMARK [0][-]{chapter.9}{First-Order PDEs}{part.2}% 41
\BOOKMARK [1][-]{section.9.1}{Basic Definitions and Examples of First-Order PDEs}{chapter.9}% 42
\BOOKMARK [0][-]{chapter.10}{Boundary Problems}{part.2}% 43
\BOOKMARK [1][-]{section.10.1}{Separation of Variables, The Dirichlet Condition}{chapter.10}% 44
\BOOKMARK [1][-]{section.10.2}{The Neumann Condition}{chapter.10}% 45
\BOOKMARK [1][-]{section.10.3}{The Robin Condition}{chapter.10}% 46
\BOOKMARK [2][-]{equation.10.3.2}{Positive Eigenvalues \(Robin\)}{section.10.3}% 47
\BOOKMARK [0][-]{chapter.11}{Fourier Series}{part.2}% 48
\BOOKMARK [1][-]{section.11.1}{Fourier Coefficients}{chapter.11}% 49
\BOOKMARK [2][-]{equation.11.1.6}{Full Fourier Series}{section.11.1}% 50
\BOOKMARK [0][-]{section*.1}{Appendices}{part.2}% 51
\BOOKMARK [1][-]{section.1..1}{Surfaces and Integral Curves}{section*.1}% 52
\BOOKMARK [2][-]{eg.1..1.9}{Solving Integral Curve PDEs}{section.1..1}% 53
