\BOOKMARK [-1][-]{part.1}{I Single Variable Analysis}{}% 1
\BOOKMARK [0][-]{chapter.1}{Topology and Construction of the Real Line}{part.1}% 2
\BOOKMARK [1][-]{section.1.1}{Peano Arithmetic}{chapter.1}% 3
\BOOKMARK [1][-]{section.1.2}{Construction of The Rational Field}{chapter.1}% 4
\BOOKMARK [1][-]{section.1.3}{Divisibility}{chapter.1}% 5
\BOOKMARK [1][-]{section.1.4}{Reals in terms of Cauchy Sequences}{chapter.1}% 6
\BOOKMARK [1][-]{section.1.5}{Axiomatized Reals}{chapter.1}% 7
\BOOKMARK [2][-]{defn.1.5.2}{Upper and Lower Bounds}{section.1.5}% 8
\BOOKMARK [1][-]{section.1.6}{Metric Properties of the Reals}{chapter.1}% 9
\BOOKMARK [1][-]{section.1.7}{Limits}{chapter.1}% 10
\BOOKMARK [1][-]{section.1.8}{Continuous Functions}{chapter.1}% 11
\BOOKMARK [2][-]{thm.1.8.3}{Important Theorems and Results on Continuity}{section.1.8}% 12
\BOOKMARK [2][-]{equation.1.8.3}{Uniform Continuity}{section.1.8}% 13
\BOOKMARK [1][-]{section.1.9}{Metric Properties of the Reals Summarized}{chapter.1}% 14
\BOOKMARK [1][-]{section.1.1.A}{Cardinality}{chapter.1}% 15
\BOOKMARK [0][-]{appendix.2}{Differentiation}{part.1}% 16
\BOOKMARK [1][-]{section.2.1}{Introduction to Derivatives}{appendix.2}% 17
\BOOKMARK [1][-]{section.2.2}{Differentiation Results}{appendix.2}% 18
\BOOKMARK [1][-]{section.2.3}{Applications of Derivatives}{appendix.2}% 19
\BOOKMARK [2][-]{Item.69}{Convexity}{section.2.3}% 20
\BOOKMARK [1][-]{section.2.4}{Inverse Functions}{appendix.2}% 21
\BOOKMARK [1][-]{section.2.2.A}{Alternative Differentiation Formulation}{appendix.2}% 22
\BOOKMARK [0][-]{appendix.3}{Integration}{part.1}% 23
\BOOKMARK [1][-]{section.3.1}{Introduction to Definite Integrals}{appendix.3}% 24
\BOOKMARK [1][-]{section.3.2}{Reimann Sums}{appendix.3}% 25
\BOOKMARK [1][-]{section.3.3}{The Fundamental Theorem of Calculus}{appendix.3}% 26
\BOOKMARK [1][-]{section.3.4}{Content of Sets}{appendix.3}% 27
\BOOKMARK [1][-]{section.3.3.A}{Trigonometric Functions}{appendix.3}% 28
\BOOKMARK [1][-]{section.3.3.B}{The Logarithm and Exponential Functions}{appendix.3}% 29
\BOOKMARK [0][-]{appendix.4}{Sequences and Series}{part.1}% 30
\BOOKMARK [1][-]{section.4.1}{Approximation by Polynomial Functions}{appendix.4}% 31
\BOOKMARK [1][-]{section.4.2}{Infinite Sequences}{appendix.4}% 32
\BOOKMARK [1][-]{section.4.3}{Infinite Series}{appendix.4}% 33
\BOOKMARK [1][-]{section.4.4}{Uniform Convergence and Power Series}{appendix.4}% 34
\BOOKMARK [2][-]{eg.4.4.16}{Power Series}{section.4.4}% 35
\BOOKMARK [2][-]{defn.4.4.13}{Products of Series}{section.4.4}% 36
\BOOKMARK [-1][-]{part.2}{II Higher-Dimesional Analysis}{}% 37
\BOOKMARK [0][-]{appendix.5}{Metric Spaces}{part.2}% 38
\BOOKMARK [1][-]{section.5.1}{Euclidean Spaces}{appendix.5}% 39
\BOOKMARK [2][-]{thm.5.1.2}{Sequences and Convergence}{section.5.1}% 40
\BOOKMARK [2][-]{thm.5.1.3}{Topological Properties of Euclidean Space}{section.5.1}% 41
\BOOKMARK [1][-]{section.5.2}{Metric Space Properties}{appendix.5}% 42
\BOOKMARK [2][-]{eg.5.2.3}{Normed Linear Spaces}{section.5.2}% 43
\BOOKMARK [2][-]{eg.5.2.6}{Sequences and Limits}{section.5.2}% 44
\BOOKMARK [1][-]{section.5.3}{Topology of Metric Spaces}{appendix.5}% 45
\BOOKMARK [2][-]{eg.5.3.12}{Boundary and Limit Points}{section.5.3}% 46
\BOOKMARK [1][-]{section.5.4}{Completion of a Metric Space}{appendix.5}% 47
\BOOKMARK [1][-]{section.5.5}{Contractive Maps and Fixed Points}{appendix.5}% 48
\BOOKMARK [1][-]{section.5.6}{Compactness for Metric Spaces}{appendix.5}% 49
\BOOKMARK [1][-]{section.5.7}{Product Spaces}{appendix.5}% 50
\BOOKMARK [1][-]{section.5.8}{Baire Category Theorem}{appendix.5}% 51
\BOOKMARK [1][-]{section.5.9}{Continuous Functions on Metric Spaces}{appendix.5}% 52
\BOOKMARK [2][-]{eg.5.9.4}{Operators and NLS}{section.5.9}% 53
\BOOKMARK [2][-]{eg.5.9.18}{Maps on Compact Spaces}{section.5.9}% 54
\BOOKMARK [2][-]{defn.5.9.11}{Uniform Continuity}{section.5.9}% 55
\BOOKMARK [2][-]{thm.5.9.19}{Sequences and Series of Functions}{section.5.9}% 56
\BOOKMARK [1][-]{section.5.10}{Connected Sets}{appendix.5}% 57
\BOOKMARK [0][-]{appendix.6}{Approximations and Continuous Functions}{part.2}% 58
\BOOKMARK [1][-]{section.6.1}{Algebras}{appendix.6}% 59
\BOOKMARK [1][-]{section.6.2}{Stone-Weierstrass}{appendix.6}% 60
\BOOKMARK [1][-]{section.6.3}{Equicontinuity and Arz\351la-Ascoli}{appendix.6}% 61
\BOOKMARK [0][-]{appendix.7}{Higher-Dimensional Differentiation}{part.2}% 62
\BOOKMARK [1][-]{section.7.1}{Basic Notions of Higher-Dimensional Derivatives}{appendix.7}% 63
\BOOKMARK [1][-]{section.7.2}{The Inverse and Implicit Function Theorems}{appendix.7}% 64
\BOOKMARK [0][-]{appendix.8}{Higher-Dimensional Integration}{part.2}% 65
\BOOKMARK [0][-]{appendix.9}{Manifolds}{part.2}% 66
\BOOKMARK [0][-]{appendix.10}{Differential Forms}{part.2}% 67
\BOOKMARK [0][-]{appendix.11}{Integration On Chains}{part.2}% 68
\BOOKMARK [0][-]{appendix.12}{Integration on Manifolds}{part.2}% 69
\BOOKMARK [-1][-]{part.3}{III Function Spaces}{}% 70
\BOOKMARK [0][-]{appendix.13}{Normed Spaces}{part.3}% 71
\BOOKMARK [0][-]{appendix.14}{Hilbert Spaces}{part.3}% 72
\BOOKMARK [0][-]{appendix.15}{Banach Spaces}{part.3}% 73
\BOOKMARK [0][-]{appendix.16}{Differentiation and Integration on Functions}{part.3}% 74
\BOOKMARK [0][-]{appendix.17}{Banach Algebras}{part.3}% 75
\BOOKMARK [-1][-]{part.4}{IV Measure Theory}{}% 76
\BOOKMARK [0][-]{appendix.18}{Basic Measure Spaces}{part.4}% 77
\BOOKMARK [0][-]{appendix.19}{Lp Spaces}{part.4}% 78
\BOOKMARK [0][-]{appendix.20}{Radon Measures}{part.4}% 79
\BOOKMARK [0][-]{section*.1}{Appendices}{part.4}% 80
\BOOKMARK [1][-]{section.4..1}{Multivariate Calculus - with Applications}{section*.1}% 81
\BOOKMARK [2][-]{section*.2}{Vector Functions and Derivatives}{section.4..1}% 82
\BOOKMARK [2][-]{Item.112}{Parametric Curves and Paths}{section.4..1}% 83
\BOOKMARK [2][-]{equation.4..1.20}{Curvature and the Frenet Frame}{section.4..1}% 84
\BOOKMARK [2][-]{thm.4..1.4}{Functions of Several Variables}{section.4..1}% 85
\BOOKMARK [2][-]{equation.4..1.35}{Partial Derivatives}{section.4..1}% 86
\BOOKMARK [2][-]{thm.4..1.11}{Implicit Differentiation}{section.4..1}% 87
\BOOKMARK [2][-]{equation.4..1.57}{Differentials}{section.4..1}% 88
\BOOKMARK [2][-]{equation.4..1.59}{Taylor Polynomials}{section.4..1}% 89
\BOOKMARK [2][-]{equation.4..1.70}{Local Extrema of Multivariate Functions}{section.4..1}% 90
\BOOKMARK [2][-]{Item.144}{Vector Fields}{section.4..1}% 91
\BOOKMARK [2][-]{thm.4..1.17}{Line Integrals}{section.4..1}% 92
\BOOKMARK [2][-]{equation.4..1.85}{Line Integral Theorems}{section.4..1}% 93
\BOOKMARK [2][-]{equation.4..1.92}{Surface Integrals}{section.4..1}% 94
