\BOOKMARK [-1][-]{part.1}{Part I Single Variable Analysis}{}% 1
\BOOKMARK [0][-]{chapter.1}{Topology and Construction of the Real Line}{part.1}% 2
\BOOKMARK [1][-]{section.1.1}{Peano Arithmetic}{chapter.1}% 3
\BOOKMARK [1][-]{section.1.2}{Construction of The Rational Field}{chapter.1}% 4
\BOOKMARK [1][-]{section.1.3}{Divisibility}{chapter.1}% 5
\BOOKMARK [1][-]{section.1.4}{Reals in terms of Cauchy Sequences}{chapter.1}% 6
\BOOKMARK [1][-]{section.1.5}{Metric Properties of the Reals}{chapter.1}% 7
\BOOKMARK [1][-]{proof.32}{Appendix: Cardinality}{chapter.1}% 8
\BOOKMARK [0][-]{chapter.2}{Differentiation}{part.1}% 9
\BOOKMARK [1][-]{section.2.1}{Introduction to Derivatives}{chapter.2}% 10
\BOOKMARK [1][-]{section.2.2}{Differentiation Results}{chapter.2}% 11
\BOOKMARK [1][-]{section.2.3}{Applications of Derivatives}{chapter.2}% 12
\BOOKMARK [2][-]{subsection.2.3.1}{Convexity}{section.2.3}% 13
\BOOKMARK [1][-]{section.2.4}{Inverse Functions}{chapter.2}% 14
\BOOKMARK [1][-]{proof.72}{Appendix A: Alternative Differentiation Formulation}{chapter.2}% 15
\BOOKMARK [1][-]{proof.79}{Appendix B: Functional Sequences and Series}{chapter.2}% 16
\BOOKMARK [2][-]{subsection.2.4.1}{Power Series}{proof.79}% 17
\BOOKMARK [2][-]{subsection.2.4.2}{Products of Series}{proof.79}% 18
\BOOKMARK [0][-]{chapter.3}{Integration}{part.1}% 19
\BOOKMARK [1][-]{section.3.1}{Introduction to Definite Integrals}{chapter.3}% 20
\BOOKMARK [1][-]{section.3.2}{Reimann Sums}{chapter.3}% 21
\BOOKMARK [1][-]{section.3.3}{The Fundamental Theorem of Calculus}{chapter.3}% 22
\BOOKMARK [1][-]{section.3.4}{Content of Sets}{chapter.3}% 23
\BOOKMARK [1][-]{Item.30}{Appendix A: Trigonometric Functions}{chapter.3}% 24
\BOOKMARK [1][-]{remark.3.3}{Appendix B: The Logarithm and Exponential Functions}{chapter.3}% 25
\BOOKMARK [-1][-]{part.2}{Part II Higher Dimensional Analysis}{}% 26
\BOOKMARK [0][-]{chapter.4}{Metric Spaces}{part.2}% 27
\BOOKMARK [1][-]{section.4.1}{Euclidean Spaces}{chapter.4}% 28
\BOOKMARK [2][-]{subsection.4.1.1}{Sequences and Convergence}{section.4.1}% 29
\BOOKMARK [2][-]{subsection.4.1.2}{Topological Properties of Euclidean Space}{section.4.1}% 30
\BOOKMARK [1][-]{section.4.2}{Metric Space Properties}{chapter.4}% 31
\BOOKMARK [2][-]{subsection.4.2.1}{Normed Linear Spaces}{section.4.2}% 32
\BOOKMARK [2][-]{subsection.4.2.2}{Sequences and Limits}{section.4.2}% 33
\BOOKMARK [1][-]{section.4.3}{Topology of Metric Spaces}{chapter.4}% 34
\BOOKMARK [2][-]{subsection.4.3.1}{Boundary and Limit Points}{section.4.3}% 35
\BOOKMARK [1][-]{section.4.4}{Completion of a Metric Space}{chapter.4}% 36
\BOOKMARK [1][-]{section.4.5}{Contractive Maps and Fixed Points}{chapter.4}% 37
\BOOKMARK [1][-]{section.4.6}{Compactness for Metric Spaces}{chapter.4}% 38
\BOOKMARK [1][-]{section.4.7}{Product Spaces}{chapter.4}% 39
\BOOKMARK [1][-]{section.4.8}{Baire Category Theorem}{chapter.4}% 40
\BOOKMARK [1][-]{section.4.9}{Continuous Functions on Metric Spaces}{chapter.4}% 41
\BOOKMARK [2][-]{subsection.4.9.1}{Operators and NLS}{section.4.9}% 42
\BOOKMARK [2][-]{subsection.4.9.2}{Maps on Compact Spaces}{section.4.9}% 43
\BOOKMARK [2][-]{subsection.4.9.3}{Uniform Continuity}{section.4.9}% 44
\BOOKMARK [2][-]{subsection.4.9.4}{Sequences and Series of Functions}{section.4.9}% 45
\BOOKMARK [1][-]{section.4.10}{Connected Sets}{chapter.4}% 46
\BOOKMARK [0][-]{chapter.5}{Approximations and Continuous Functions}{part.2}% 47
\BOOKMARK [1][-]{section.5.1}{Algebras}{chapter.5}% 48
\BOOKMARK [1][-]{section.5.2}{Stone-Weierstrass}{chapter.5}% 49
\BOOKMARK [1][-]{section.5.3}{Equicontinuity and Arz\351la-Ascoli}{chapter.5}% 50
\BOOKMARK [0][-]{chapter.6}{Higher-Dimensional Differentiation}{part.2}% 51
\BOOKMARK [1][-]{section.6.1}{Basic Notions of Higher-Dimensional Derivatives}{chapter.6}% 52
\BOOKMARK [1][-]{section.6.2}{The Inverse and Implicit Function Theorems}{chapter.6}% 53
\BOOKMARK [0][-]{chapter.7}{Higher-Dimensional Integration}{part.2}% 54
\BOOKMARK [0][-]{chapter.8}{Manifolds}{part.2}% 55
\BOOKMARK [0][-]{chapter.9}{Differential Forms}{part.2}% 56
\BOOKMARK [0][-]{chapter.10}{Integration On Chains}{part.2}% 57
\BOOKMARK [0][-]{chapter.11}{Integration on Manifolds}{part.2}% 58
\BOOKMARK [-1][-]{part.3}{Part III Function Spaces}{}% 59
\BOOKMARK [0][-]{chapter.12}{Normed Spaces}{part.3}% 60
\BOOKMARK [0][-]{chapter.13}{Hilbert Spaces}{part.3}% 61
\BOOKMARK [0][-]{chapter.14}{Banach Spaces}{part.3}% 62
\BOOKMARK [0][-]{chapter.15}{Differentiation and Integration on Functions}{part.3}% 63
\BOOKMARK [0][-]{chapter.16}{Banach Algebras}{part.3}% 64
\BOOKMARK [-1][-]{part.4}{Part IV Measure Theory}{}% 65
\BOOKMARK [0][-]{chapter.17}{Riemann Integration}{part.4}% 66
\BOOKMARK [0][-]{chapter.18}{Lebesgue Measure on a Line}{part.4}% 67
\BOOKMARK [0][-]{chapter.19}{Basic Measure Spaces}{part.4}% 68
\BOOKMARK [0][-]{chapter.20}{Lp Spaces}{part.4}% 69
\BOOKMARK [0][-]{chapter.21}{Radon Measures}{part.4}% 70
