\BOOKMARK [0][-]{chapter.1}{Popular and Country \046 Western Musics}{}% 1
\BOOKMARK [1][-]{section.1.1}{Regionalism in Music}{chapter.1}% 2
\BOOKMARK [2][-]{subsection.1.1.1}{Radio \046 Film}{section.1.1}% 3
\BOOKMARK [2][-]{subsection.1.1.2}{Radio Before 1945}{section.1.1}% 4
\BOOKMARK [1][-]{section.1.2}{Development of Popular Music at the Turn of the 20th Century \(Early 1900s\)}{chapter.1}% 5
\BOOKMARK [2][-]{subsection.1.2.1}{Tin Pan Alley}{section.1.2}% 6
\BOOKMARK [1][-]{section.1.3}{Big Band Era 1935-1945}{chapter.1}% 7
\BOOKMARK [2][-]{subsection.1.3.1}{Bing Crosby}{section.1.3}% 8
\BOOKMARK [2][-]{subsection.1.3.2}{Andrews Sisters \046 Mills Brothers}{section.1.3}% 9
\BOOKMARK [2][-]{subsection.1.3.3}{Frank Sinatra}{section.1.3}% 10
\BOOKMARK [2][-]{subsection.1.3.4}{Singers In, Bands Out}{section.1.3}% 11
\BOOKMARK [1][-]{section.1.4}{Country \046 Western}{chapter.1}% 12
\BOOKMARK [2][-]{subsection.1.4.1}{Country}{section.1.4}% 13
\BOOKMARK [2][-]{subsection.1.4.2}{Western}{section.1.4}% 14
\BOOKMARK [2][-]{subsection.1.4.3}{Authenticity?}{section.1.4}% 15
\BOOKMARK [2][-]{subsection.1.4.4}{The Spread of Country \046 Western}{section.1.4}% 16
\BOOKMARK [2][-]{subsection.1.4.5}{Hank Williams}{section.1.4}% 17
\BOOKMARK [2][-]{subsection.1.4.6}{Bluegrass}{section.1.4}% 18
\BOOKMARK [1][-]{section.1.5}{Amos `N` Andy Article}{chapter.1}% 19
\BOOKMARK [1][-]{section.1.6}{Somewhere Over the Rainbow Significance}{chapter.1}% 20
\BOOKMARK [0][-]{chapter.2}{Rhythm \046 Blues Musics}{}% 21
\BOOKMARK [1][-]{section.2.1}{What is R\046B?}{chapter.2}% 22
\BOOKMARK [2][-]{subsection.2.1.1}{Early R\046B}{section.2.1}% 23
\BOOKMARK [2][-]{subsection.2.1.2}{Robert Johnson \(1930s blues\)}{section.2.1}% 24
\BOOKMARK [1][-]{section.2.2}{Muddy Waters}{chapter.2}% 25
\BOOKMARK [2][-]{subsection.2.2.1}{Chess \046 Muddy}{section.2.2}% 26
\BOOKMARK [2][-]{subsection.2.2.2}{Chess Records}{section.2.2}% 27
\BOOKMARK [1][-]{section.2.3}{Black Radio}{chapter.2}% 28
\BOOKMARK [1][-]{section.2.4}{Atlantic R\046B}{chapter.2}% 29
\BOOKMARK [2][-]{subsection.2.4.1}{Hokum Blues}{section.2.4}% 30
\BOOKMARK [1][-]{section.2.5}{Karl Hagstrom Miller's Analysis of Regionalism}{chapter.2}% 31
\BOOKMARK [1][-]{section.2.6}{Toward Rock `n' Roll}{chapter.2}% 32
\BOOKMARK [2][-]{subsection.2.6.1}{Ahmet Ertegun and Jerry Wexler}{section.2.6}% 33
\BOOKMARK [2][-]{subsection.2.6.2}{Rich Cohen}{section.2.6}% 34
\BOOKMARK [1][-]{section.2.7}{Robert Johnson Article}{chapter.2}% 35
\BOOKMARK [1][-]{section.2.8}{Muddy Waters, 1915-1983, Article}{chapter.2}% 36
\BOOKMARK [2][-]{subsection.2.8.1}{Eric Clapton Quote}{section.2.8}% 37
\BOOKMARK [2][-]{subsection.2.8.2}{Marshal Chess Quote}{section.2.8}% 38
\BOOKMARK [2][-]{subsection.2.8.3}{Keith Richards Quote}{section.2.8}% 39
\BOOKMARK [2][-]{subsection.2.8.4}{Peter Wolf Quote}{section.2.8}% 40
\BOOKMARK [1][-]{section.2.9}{Rosetta Tharpe: ``A queer black woman invented rock-and-roll" Article}{chapter.2}% 41
\BOOKMARK [0][-]{chapter.3}{The First Wave of Rock and Roll}{}% 42
\BOOKMARK [1][-]{section.3.1}{Making Waves: Early Rock and Roll}{chapter.3}% 43
\BOOKMARK [2][-]{subsection.3.1.1}{A New Normalcy}{section.3.1}% 44
\BOOKMARK [2][-]{subsection.3.1.2}{Teenagers}{section.3.1}% 45
\BOOKMARK [1][-]{section.3.2}{1950s America}{chapter.3}% 46
\BOOKMARK [1][-]{section.3.3}{White Teens and `Black Radio'}{chapter.3}% 47
\BOOKMARK [2][-]{subsection.3.3.1}{Major Labels}{section.3.3}% 48
\BOOKMARK [2][-]{subsection.3.3.2}{Independent Labels}{section.3.3}% 49
\BOOKMARK [2][-]{subsection.3.3.3}{Charting Success}{section.3.3}% 50
\BOOKMARK [1][-]{section.3.4}{Crossover}{chapter.3}% 51
\BOOKMARK [1][-]{section.3.5}{The First Waves}{chapter.3}% 52
\BOOKMARK [2][-]{subsection.3.5.1}{characteristics}{section.3.5}% 53
\BOOKMARK [2][-]{subsection.3.5.2}{Four Common Formal Types}{section.3.5}% 54
\BOOKMARK [2][-]{subsection.3.5.3}{Rock `n' Roll?}{section.3.5}% 55
\BOOKMARK [2][-]{subsection.3.5.4}{Chuck Berry}{section.3.5}% 56
\BOOKMARK [2][-]{subsection.3.5.5}{Little Richard}{section.3.5}% 57
\BOOKMARK [1][-]{section.3.6}{Little Richard Is Everywhere: Article}{chapter.3}% 58
\BOOKMARK [0][-]{chapter.4}{The Second Wave of Rock and Roll}{}% 59
\BOOKMARK [1][-]{section.4.1}{Elvis' Early Years}{chapter.4}% 60
\BOOKMARK [2][-]{subsection.4.1.1}{Sam Phillips and Elvis}{section.4.1}% 61
\BOOKMARK [1][-]{section.4.2}{Anatomically Correct Rock Doll Method}{chapter.4}% 62
\BOOKMARK [1][-]{section.4.3}{Elvis}{chapter.4}% 63
\BOOKMARK [2][-]{subsection.4.3.1}{Elvis' Team}{section.4.3}% 64
\BOOKMARK [2][-]{subsection.4.3.2}{The Comeback}{section.4.3}% 65
\BOOKMARK [1][-]{section.4.4}{Rockabilly}{chapter.4}% 66
\BOOKMARK [1][-]{section.4.5}{Other Parallel Movements}{chapter.4}% 67
\BOOKMARK [2][-]{subsection.4.5.1}{Doo-Wop}{section.4.5}% 68
\BOOKMARK [2][-]{subsection.4.5.2}{Crossing over the the Mainstream}{section.4.5}% 69
\BOOKMARK [1][-]{section.4.6}{Analysis Tips}{chapter.4}% 70
\BOOKMARK [2][-]{subsection.4.6.1}{Girl Groups}{section.4.6}% 71
\BOOKMARK [2][-]{subsection.4.6.2}{The Beach Boys}{section.4.6}% 72
\BOOKMARK [2][-]{subsection.4.6.3}{Peter Paul and Mary}{section.4.6}% 73
\BOOKMARK [1][-]{section.4.7}{Sanitizing Rock in the Early 1960s}{chapter.4}% 74
\BOOKMARK [1][-]{section.4.8}{The End of An Era}{chapter.4}% 75
\BOOKMARK [2][-]{subsection.4.8.1}{1960: The End of Classic Rock}{section.4.8}% 76
\BOOKMARK [1][-]{section.4.9}{Elvis' Top 40 Hits}{chapter.4}% 77
\BOOKMARK [1][-]{section.4.10}{Chubby Checker's ``The Twist" Article}{chapter.4}% 78
\BOOKMARK [1][-]{section.4.11}{Ray Charles' ``Hit the Road Jack" Article"}{chapter.4}% 79
\BOOKMARK [1][-]{section.4.12}{The Marcels' ``Blue Moon" Article}{chapter.4}% 80
\BOOKMARK [0][-]{chapter.5}{The British Invasion}{}% 81
\BOOKMARK [1][-]{section.5.1}{``I Want To Hold Your Hand" Stereogum article}{chapter.5}% 82
\BOOKMARK [1][-]{section.5.2}{``\(I Can't Get No\) Satisfaction" Stereogum article}{chapter.5}% 83
\BOOKMARK [0][-]{chapter.6}{America's Ambassadors of Rock, Part 1}{}% 84
\BOOKMARK [1][-]{section.6.1}{``Good Vibrations" Stereogum article}{chapter.6}% 85
\BOOKMARK [0][-]{chapter.7}{America's Ambassadors of Rock, Part 2: Motown and Southern Soul}{}% 86
\BOOKMARK [1][-]{section.7.1}{Horn Section in a Motown Band}{chapter.7}% 87
\BOOKMARK [1][-]{section.7.2}{Can We Recreate the Motown Sound?}{chapter.7}% 88
\BOOKMARK [2][-]{subsection.7.2.1}{The Studio}{section.7.2}% 89
\BOOKMARK [2][-]{subsection.7.2.2}{Drums and Percussion}{section.7.2}% 90
\BOOKMARK [2][-]{subsection.7.2.3}{Piano and Keyboards}{section.7.2}% 91
\BOOKMARK [2][-]{subsection.7.2.4}{Bass and Guitar}{section.7.2}% 92
\BOOKMARK [2][-]{subsection.7.2.5}{Electric Guitar}{section.7.2}% 93
\BOOKMARK [2][-]{subsection.7.2.6}{Strings, Horns, and Overdubs}{section.7.2}% 94
\BOOKMARK [2][-]{subsection.7.2.7}{Vocals}{section.7.2}% 95
\BOOKMARK [2][-]{subsection.7.2.8}{Mixing}{section.7.2}% 96
\BOOKMARK [1][-]{section.7.3}{``Where Did Our Love Go" Stereogum article}{chapter.7}% 97
\BOOKMARK [1][-]{section.7.4}{``My Girl" Stereogum article}{chapter.7}% 98
