\BOOKMARK [-1][-]{part.1}{Part I Basic Notions}{}% 1
\BOOKMARK [0][-]{chapter.1}{Arguments}{part.1}% 2
\BOOKMARK [1][-]{section.1.1}{ Definitions and Examples: Arguments}{chapter.1}% 3
\BOOKMARK [1][-]{section.1.2}{ Validity}{chapter.1}% 4
\BOOKMARK [1][-]{section.1.3}{ Other Notions}{chapter.1}% 5
\BOOKMARK [0][-]{chapter.2}{Language and Structure}{part.1}% 6
\BOOKMARK [0][-]{chapter.3}{Deductions}{part.1}% 7
\BOOKMARK [-1][-]{part.2}{Part II Truth Functional Logic}{}% 8
\BOOKMARK [0][-]{chapter.4}{Symbolization and Ambiguity}{part.2}% 9
\BOOKMARK [1][-]{section.4.1}{ Atomic Sentences}{chapter.4}% 10
\BOOKMARK [1][-]{section.4.2}{ Connectives}{chapter.4}% 11
\BOOKMARK [1][-]{section.4.3}{ TFL Sentences}{chapter.4}% 12
\BOOKMARK [1][-]{section.4.4}{ Ambiguity}{chapter.4}% 13
\BOOKMARK [1][-]{section.4.5}{ Object and Meta languages}{chapter.4}% 14
\BOOKMARK [0][-]{chapter.5}{Truth Tables}{part.2}% 15
\BOOKMARK [1][-]{section.5.1}{ Characteristic Truth Tables}{chapter.5}% 16
\BOOKMARK [1][-]{section.5.2}{ Using Truth Tables}{chapter.5}% 17
\BOOKMARK [0][-]{chapter.6}{Semantics}{part.2}% 18
\BOOKMARK [1][-]{section.6.1}{ Truth-functional}{chapter.6}% 19
\BOOKMARK [2][-]{subsection.6.1.1}{ Indicative versus Subjunctive Connectives}{section.6.1}% 20
\BOOKMARK [1][-]{section.6.2}{ Tautologies and Contradictions}{chapter.6}% 21
\BOOKMARK [1][-]{section.6.3}{ Equivalence}{chapter.6}% 22
\BOOKMARK [1][-]{section.6.4}{ Satisfiability}{chapter.6}% 23
\BOOKMARK [1][-]{section.6.5}{ Entailment and Validity}{chapter.6}% 24
\BOOKMARK [2][-]{subsection.6.5.1}{ Double Turnstile}{section.6.5}% 25
\BOOKMARK [0][-]{chapter.7}{Natural Deduction}{part.2}% 26
\BOOKMARK [1][-]{section.7.1}{ Initial Definitons and Reasoning}{chapter.7}% 27
\BOOKMARK [1][-]{section.7.2}{ Rules of Inferences for TFL Natural Deduction}{chapter.7}% 28
\BOOKMARK [2][-]{subsection.7.2.1}{ Additional and Derived Rules}{section.7.2}% 29
\BOOKMARK [0][-]{chapter.8}{Soundness and Completeness}{part.2}% 30
\BOOKMARK [1][-]{section.8.1}{ Basic Proof-Theoretic Concepts}{chapter.8}% 31
\BOOKMARK [2][-]{subsection.8.1.1}{ Other Syntactic Concepts}{section.8.1}% 32
\BOOKMARK [2][-]{subsection.8.1.2}{ Semantic versus Syntactic Definitions}{section.8.1}% 33
\BOOKMARK [2][-]{subsection.8.1.3}{ Proving Logical Properties}{section.8.1}% 34
\BOOKMARK [1][-]{section.8.2}{ Soundness}{chapter.8}% 35
\BOOKMARK [2][-]{subsection.8.2.1}{ Proof Sketch: Soundness}{section.8.2}% 36
\BOOKMARK [1][-]{section.8.3}{ Completeness}{chapter.8}% 37
\BOOKMARK [-1][-]{part.3}{Part III First Order Logic}{}% 38
\BOOKMARK [0][-]{chapter.9}{Building Blocks of FOL}{part.3}% 39
\BOOKMARK [1][-]{section.9.1}{ Names}{chapter.9}% 40
\BOOKMARK [1][-]{section.9.2}{ Predicates}{chapter.9}% 41
\BOOKMARK [1][-]{section.9.3}{ Quantifiers}{chapter.9}% 42
\BOOKMARK [1][-]{section.9.4}{ Domains}{chapter.9}% 43
\BOOKMARK [1][-]{section.9.5}{ Identity}{chapter.9}% 44
\BOOKMARK [0][-]{chapter.10}{Sentences of FOL}{part.3}% 45
\BOOKMARK [1][-]{section.10.1}{ Expressions}{chapter.10}% 46
\BOOKMARK [1][-]{section.10.2}{ Terms and Formulas}{chapter.10}% 47
\BOOKMARK [1][-]{section.10.3}{ Sentences and Free Variables}{chapter.10}% 48
\BOOKMARK [1][-]{section.10.4}{ Definite Descriptions}{chapter.10}% 49
\BOOKMARK [0][-]{chapter.11}{Extensionality}{part.3}% 50
\BOOKMARK [1][-]{section.11.1}{ Extensionality}{chapter.11}% 51
\BOOKMARK [1][-]{section.11.2}{ Interpretations}{chapter.11}% 52
\BOOKMARK [0][-]{chapter.12}{Truth Models}{part.3}% 53
\BOOKMARK [1][-]{section.12.1}{ Truth}{chapter.12}% 54
\BOOKMARK [2][-]{subsection.12.1.1}{ Atomic Sentences}{section.12.1}% 55
\BOOKMARK [2][-]{subsection.12.1.2}{ Sentential Connectives}{section.12.1}% 56
\BOOKMARK [2][-]{subsection.12.1.3}{ Quantifiers as the Main Logical Operator}{section.12.1}% 57
\BOOKMARK [1][-]{section.12.2}{ Semantic Concepts}{chapter.12}% 58
\BOOKMARK [1][-]{section.12.3}{ Working with Interpretations}{chapter.12}% 59
\BOOKMARK [0][-]{chapter.13}{Natural Deduction in FOL}{part.3}% 60
\BOOKMARK [1][-]{section.13.1}{ Basic Rules of FOL}{chapter.13}% 61
\BOOKMARK [1][-]{section.13.2}{ Derived Rules in FOL}{chapter.13}% 62
\BOOKMARK [1][-]{section.13.3}{ Proof Theory Semantics in FOL}{chapter.13}% 63
\BOOKMARK [0][-]{chapter.14}{Soundness and Completeness}{part.3}% 64
\BOOKMARK [0][-]{chapter.15}{Models of Theories and Interpretations}{part.3}% 65
\BOOKMARK [-1][-]{part.4}{Part IV Modal Logic}{}% 66
\BOOKMARK [0][-]{chapter.16}{General Concepts}{part.4}% 67
\BOOKMARK [1][-]{section.16.1}{ Introduction to Modal Logic}{chapter.16}% 68
\BOOKMARK [1][-]{section.16.2}{ The Language of Modal Logic}{chapter.16}% 69
\BOOKMARK [1][-]{section.16.3}{ Natural Deduction for ML}{chapter.16}% 70
\BOOKMARK [2][-]{subsection.16.3.1}{ System K}{section.16.3}% 71
\BOOKMARK [2][-]{subsection.16.3.2}{ Possibility}{section.16.3}% 72
\BOOKMARK [1][-]{section.16.4}{ System T}{chapter.16}% 73
\BOOKMARK [1][-]{section.16.5}{System S4}{chapter.16}% 74
\BOOKMARK [0][-]{chapter.17}{Models}{part.4}% 75
\BOOKMARK [0][-]{chapter.18}{Frames}{part.4}% 76
\BOOKMARK [0][-]{chapter.19}{Completeness}{part.4}% 77
\BOOKMARK [0][-]{chapter.20}{Algebras}{part.4}% 78
\BOOKMARK [0][-]{chapter.21}{First Order Modal Logic}{part.4}% 79
\BOOKMARK [-1][-]{part.5}{Part V Computability}{}% 80
\BOOKMARK [0][-]{chapter.22}{Turing Computability}{part.5}% 81
\BOOKMARK [0][-]{chapter.23}{Uncomputability}{part.5}% 82
\BOOKMARK [0][-]{chapter.24}{Recursion and Recursive Functions}{part.5}% 83
\BOOKMARK [0][-]{chapter.25}{Undecidability}{part.5}% 84
\BOOKMARK [0][-]{chapter.26}{First-Order Logic Revisited}{part.5}% 85
\BOOKMARK [0][-]{chapter.27}{Second-Order Logic}{part.5}% 86
\BOOKMARK [0][-]{chapter.28}{Definability}{part.5}% 87
\BOOKMARK [-1][-]{part.6}{Part VI Metatheory}{}% 88
\BOOKMARK [0][-]{chapter.29}{Normal Forms}{part.6}% 89
\BOOKMARK [1][-]{section.29.1}{ Disjunctive Normal Form}{chapter.29}% 90
\BOOKMARK [1][-]{section.29.2}{ Conjunctive Normal Form}{chapter.29}% 91
\BOOKMARK [0][-]{chapter.30}{Functional Completeness}{part.6}% 92
\BOOKMARK [1][-]{section.30.1}{ Definitions and Main Theorem}{chapter.30}% 93
\BOOKMARK [1][-]{section.30.2}{ Individually Functionally Complete Connectives}{chapter.30}% 94
\BOOKMARK [0][-]{chapter.31}{Soundness}{part.6}% 95
\BOOKMARK [1][-]{section.31.1}{ Definitions and Proof}{chapter.31}% 96
