\BOOKMARK [-1][-]{part.1}{I Ordinary Differential Equations}{}% 1
\BOOKMARK [0][-]{chapter.1}{Basic Concepts}{part.1}% 2
\BOOKMARK [1][-]{section.1.1}{Definitions}{chapter.1}% 3
\BOOKMARK [0][-]{chapter.2}{First Order ODEs}{part.1}% 4
\BOOKMARK [1][-]{section.2.1}{Linear First Order ODEs}{chapter.2}% 5
\BOOKMARK [1][-]{section.2.2}{Separable Equations}{chapter.2}% 6
\BOOKMARK [1][-]{section.2.3}{Bernoulli Equations}{chapter.2}% 7
\BOOKMARK [1][-]{section.2.4}{Exact Equations}{chapter.2}% 8
\BOOKMARK [1][-]{section.2.5}{Existence And Uniqueness}{chapter.2}% 9
\BOOKMARK [1][-]{section.2.6}{Applications}{chapter.2}% 10
\BOOKMARK [0][-]{chapter.3}{Second Order Linear ODEs}{part.1}% 11
\BOOKMARK [1][-]{section.3.1}{Constant Coefficients}{chapter.3}% 12
\BOOKMARK [1][-]{section.3.2}{General Theory}{chapter.3}% 13
\BOOKMARK [1][-]{section.3.3}{Method of Undetermined Coefficients}{chapter.3}% 14
\BOOKMARK [1][-]{section.3.4}{Variation of Parameters}{chapter.3}% 15
\BOOKMARK [0][-]{chapter.4}{Higher Order Linear ODEs}{part.1}% 16
\BOOKMARK [1][-]{section.4.1}{General Theory}{chapter.4}% 17
\BOOKMARK [1][-]{section.4.2}{Constant Coefficients}{chapter.4}% 18
\BOOKMARK [1][-]{section.4.3}{Variation of Parameters}{chapter.4}% 19
\BOOKMARK [1][-]{section.4.4}{Cauchy-Euler Equations}{chapter.4}% 20
\BOOKMARK [0][-]{chapter.5}{Systems of First Order Linear ODEs}{part.1}% 21
\BOOKMARK [1][-]{section.5.1}{Definitions and Notation}{chapter.5}% 22
\BOOKMARK [1][-]{section.5.2}{General Theory}{chapter.5}% 23
\BOOKMARK [1][-]{section.5.3}{Methods of Solution}{chapter.5}% 24
\BOOKMARK [0][-]{chapter.6}{Series Solutions of ODEs}{part.1}% 25
\BOOKMARK [1][-]{section.6.1}{Definitions and Convergence}{chapter.6}% 26
\BOOKMARK [1][-]{section.6.2}{Power Series}{chapter.6}% 27
\BOOKMARK [1][-]{section.6.3}{Taylor Series}{chapter.6}% 28
\BOOKMARK [1][-]{section.6.4}{Definitions for Convergence of Solutions}{chapter.6}% 29
\BOOKMARK [1][-]{section.6.5}{Frobenius Method}{chapter.6}% 30
\BOOKMARK [0][-]{chapter.7}{Laplace Transform}{part.1}% 31
\BOOKMARK [1][-]{section.7.1}{Base Definitions}{chapter.7}% 32
\BOOKMARK [1][-]{section.7.2}{Properties}{chapter.7}% 33
\BOOKMARK [1][-]{section.7.3}{Tables of Laplace Transforms and Inverse Laplace Transforms}{chapter.7}% 34
\BOOKMARK [1][-]{section.7.4}{Solving ODEs with the Laplace Transform}{chapter.7}% 35
\BOOKMARK [1][-]{section.7.5}{Convolution}{chapter.7}% 36
\BOOKMARK [0][-]{chapter.8}{Fourier Series}{part.1}% 37
\BOOKMARK [1][-]{section.8.1}{Orthogonality}{chapter.8}% 38
\BOOKMARK [1][-]{section.8.2}{Fourier Expansions}{chapter.8}% 39
\BOOKMARK [-1][-]{part.2}{II Partial Differential Equations}{}% 40
\BOOKMARK [0][-]{chapter.9}{First-Order PDEs}{part.2}% 41
\BOOKMARK [1][-]{section.9.1}{Basic Definitions and Examples of First-Order PDEs}{chapter.9}% 42
\BOOKMARK [0][-]{chapter.10}{Boundary Problems}{part.2}% 43
\BOOKMARK [1][-]{section.10.1}{Separation of Variables, The Dirichlet Condition}{chapter.10}% 44
\BOOKMARK [1][-]{section.10.2}{The Neumann Condition}{chapter.10}% 45
\BOOKMARK [1][-]{section.10.3}{The Robin Condition}{chapter.10}% 46
\BOOKMARK [2][-]{equation.10.3.2}{Positive Eigenvalues \(Robin\)}{section.10.3}% 47
\BOOKMARK [0][-]{chapter.11}{Fourier Series}{part.2}% 48
\BOOKMARK [1][-]{section.11.1}{Fourier Coefficients}{chapter.11}% 49
\BOOKMARK [2][-]{equation.11.1.6}{Full Fourier Series}{section.11.1}% 50
\BOOKMARK [1][-]{section.11.2}{Even, Odd, Periodic, and Complex Functions}{chapter.11}% 51
\BOOKMARK [2][-]{defn.11.2.5}{Fourier Series and Boundary Conditions}{section.11.2}% 52
\BOOKMARK [2][-]{defn.11.2.5}{The Complex Form of the Full Fourier Series}{section.11.2}% 53
\BOOKMARK [1][-]{section.11.3}{Orthogonality and General Fourier Series}{chapter.11}% 54
\BOOKMARK [2][-]{equation.11.3.2}{Symmetric Boundary Conditions}{section.11.3}% 55
\BOOKMARK [2][-]{thm.11.3.1}{Complex Eigenvalues}{section.11.3}% 56
\BOOKMARK [2][-]{thm.11.3.2}{Negative Eigenvalues}{section.11.3}% 57
\BOOKMARK [1][-]{section.11.4}{Completeness}{chapter.11}% 58
\BOOKMARK [2][-]{thm.11.4.5}{The L2 Theory}{section.11.4}% 59
\BOOKMARK [1][-]{section.11.5}{Completeness Proofs and Gibbs Phenomenon}{chapter.11}% 60
\BOOKMARK [2][-]{section*.1}{Proof for Discontinuous Functions}{section.11.5}% 61
\BOOKMARK [2][-]{section*.1}{Proof of Uniform Convergence}{section.11.5}% 62
\BOOKMARK [2][-]{section*.1}{The Gibbs Phenomenon}{section.11.5}% 63
\BOOKMARK [1][-]{section.11.6}{Inhomogeneous Boundary Conditions}{chapter.11}% 64
\BOOKMARK [2][-]{section*.2}{Expansion Method}{section.11.6}% 65
\BOOKMARK [2][-]{equation.11.6.2}{Method of Shifting the Data}{section.11.6}% 66
\BOOKMARK [0][-]{chapter.12}{Green's Identities and Functions}{part.2}% 67
\BOOKMARK [1][-]{section.12.1}{Green's First Identity}{chapter.12}% 68
\BOOKMARK [2][-]{equation.12.1.2}{Mean Value Property}{section.12.1}% 69
\BOOKMARK [2][-]{equation.12.1.3}{Maximum Principle}{section.12.1}% 70
\BOOKMARK [2][-]{equation.12.1.3}{Uniqueness of Dirichlet's Problem}{section.12.1}% 71
\BOOKMARK [2][-]{equation.12.1.3}{Dirichlet's Principle}{section.12.1}% 72
\BOOKMARK [1][-]{section.12.2}{Green's Second Identity}{chapter.12}% 73
\BOOKMARK [0][-]{chapter.13}{Distributions and Transformations}{part.2}% 74
\BOOKMARK [1][-]{section.13.1}{Fourier Transforms}{chapter.13}% 75
\BOOKMARK [2][-]{table.13.2}{Convolution}{section.13.1}% 76
\BOOKMARK [0][-]{section*.3}{Appendices}{part.2}% 77
\BOOKMARK [1][-]{section.1..1}{Surfaces and Integral Curves}{section*.3}% 78
\BOOKMARK [2][-]{eg.1..1.9}{Solving Integral Curve PDEs}{section.1..1}% 79
